Using pre-set license
Built from '2022.3/release' branch; Version is '2022.3.12f1 (4fe6e059c7ef) revision 5236448'; Using compiler version '192829333'; Build Type 'Release'
OS: 'Windows 10  (10.0.19045) 64bit Professional' Language: 'zh' Physical Memory: 16225 MB
BatchMode: 1, IsHumanControllingUs: 0, StartBugReporterOnCrash: 0, Is64bit: 1, IsPro: 1

COMMAND LINE ARGUMENTS:
C:\Program Files\Unity\Hub\Editor\2022.3.12f1-x86_64\Editor\Unity.exe
-adb2
-batchMode
-noUpm
-name
AssetImportWorker2
-projectPath
D:/Program Files/unity/Unity UI Toolkit
-logFile
Logs/AssetImportWorker2.log
-srvPort
55122
Successfully changed project path to: D:/Program Files/unity/Unity UI Toolkit
D:/Program Files/unity/Unity UI Toolkit
[UnityMemory] Configuration Parameters - Can be set up in boot.config
    "memorysetup-bucket-allocator-granularity=16"
    "memorysetup-bucket-allocator-bucket-count=8"
    "memorysetup-bucket-allocator-block-size=33554432"
    "memorysetup-bucket-allocator-block-count=8"
    "memorysetup-main-allocator-block-size=16777216"
    "memorysetup-thread-allocator-block-size=16777216"
    "memorysetup-gfx-main-allocator-block-size=16777216"
    "memorysetup-gfx-thread-allocator-block-size=16777216"
    "memorysetup-cache-allocator-block-size=4194304"
    "memorysetup-typetree-allocator-block-size=2097152"
    "memorysetup-profiler-bucket-allocator-granularity=16"
    "memorysetup-profiler-bucket-allocator-bucket-count=8"
    "memorysetup-profiler-bucket-allocator-block-size=33554432"
    "memorysetup-profiler-bucket-allocator-block-count=8"
    "memorysetup-profiler-allocator-block-size=16777216"
    "memorysetup-profiler-editor-allocator-block-size=1048576"
    "memorysetup-temp-allocator-size-main=16777216"
    "memorysetup-job-temp-allocator-block-size=2097152"
    "memorysetup-job-temp-allocator-block-size-background=1048576"
    "memorysetup-job-temp-allocator-reduction-small-platforms=262144"
    "memorysetup-allocator-temp-initial-block-size-main=262144"
    "memorysetup-allocator-temp-initial-block-size-worker=262144"
    "memorysetup-temp-allocator-size-background-worker=32768"
    "memorysetup-temp-allocator-size-job-worker=262144"
    "memorysetup-temp-allocator-size-preload-manager=33554432"
    "memorysetup-temp-allocator-size-nav-mesh-worker=65536"
    "memorysetup-temp-allocator-size-audio-worker=65536"
    "memorysetup-temp-allocator-size-cloud-worker=32768"
    "memorysetup-temp-allocator-size-gi-baking-worker=262144"
    "memorysetup-temp-allocator-size-gfx=262144"
Player connection [41280] Host "[IP] 192.168.8.111 [Port] 0 [Flags] 2 [Guid] 549547495 [EditorId] 549547495 [Version] 1048832 [Id] WindowsEditor(7,EXITGAMES) [Debug] 1 [PackageName] WindowsEditor [ProjectName] Editor" joined multi-casting on [225.0.0.222:54997]...

Player connection [41280] Host "[IP] 192.168.8.111 [Port] 0 [Flags] 2 [Guid] 549547495 [EditorId] 549547495 [Version] 1048832 [Id] WindowsEditor(7,EXITGAMES) [Debug] 1 [PackageName] WindowsEditor [ProjectName] Editor" joined alternative multi-casting on [225.0.0.222:34997]...

[Physics::Module] Initialized MultithreadedJobDispatcher with 11 workers.
Refreshing native plugins compatible for Editor in 12.72 ms, found 4 plugins.
Preloading 0 native plugins for Editor in 0.00 ms.
Initialize engine version: 2022.3.12f1 (4fe6e059c7ef)
[Subsystems] Discovering subsystems at path C:/Program Files/Unity/Hub/Editor/2022.3.12f1-x86_64/Editor/Data/Resources/UnitySubsystems
[Subsystems] Discovering subsystems at path D:/Program Files/unity/Unity UI Toolkit/Assets
GfxDevice: creating device client; threaded=0; jobified=0
Direct3D:
    Version:  Direct3D 11.0 [level 11.1]
    Renderer: Intel(R) UHD Graphics 630 (ID=0x3e92)
    Vendor:   Intel
    VRAM:     8112 MB
    Driver:   31.0.101.2111
Initialize mono
Mono path[0] = 'C:/Program Files/Unity/Hub/Editor/2022.3.12f1-x86_64/Editor/Data/Managed'
Mono path[1] = 'C:/Program Files/Unity/Hub/Editor/2022.3.12f1-x86_64/Editor/Data/MonoBleedingEdge/lib/mono/unityjit-win32'
Mono config path = 'C:/Program Files/Unity/Hub/Editor/2022.3.12f1-x86_64/Editor/Data/MonoBleedingEdge/etc'
Using monoOptions --debugger-agent=transport=dt_socket,embedding=1,server=y,suspend=n,address=127.0.0.1:56040
Begin MonoManager ReloadAssembly
Registering precompiled unity dll's ...
Register platform support module: C:/Program Files/Unity/Hub/Editor/2022.3.12f1-x86_64/Editor/Data/PlaybackEngines/AndroidPlayer/UnityEditor.Android.Extensions.dll
Register platform support module: C:/Program Files/Unity/Hub/Editor/2022.3.12f1-x86_64/Editor/Data/PlaybackEngines/WindowsStandaloneSupport/UnityEditor.WindowsStandalone.Extensions.dll
Registered in 0.009668 seconds.
- Loaded All Assemblies, in  0.368 seconds
Native extension for WindowsStandalone target not found
Native extension for Android target not found
Android Extension - Scanning For ADB Devices 289 ms
Mono: successfully reloaded assembly
- Finished resetting the current domain, in  0.597 seconds
Domain Reload Profiling: 963ms
	BeginReloadAssembly (107ms)
		ExecutionOrderSort (0ms)
		DisableScriptedObjects (0ms)
		BackupInstance (0ms)
		ReleaseScriptingObjects (0ms)
		CreateAndSetChildDomain (1ms)
	RebuildCommonClasses (31ms)
	RebuildNativeTypeToScriptingClass (10ms)
	initialDomainReloadingComplete (56ms)
	LoadAllAssembliesAndSetupDomain (161ms)
		LoadAssemblies (105ms)
		RebuildTransferFunctionScriptingTraits (0ms)
		AnalyzeDomain (159ms)
			TypeCache.Refresh (157ms)
				TypeCache.ScanAssembly (144ms)
			ScanForSourceGeneratedMonoScriptInfo (0ms)
			ResolveRequiredComponents (0ms)
	FinalizeReload (597ms)
		ReleaseScriptCaches (0ms)
		RebuildScriptCaches (0ms)
		SetupLoadedEditorAssemblies (536ms)
			LogAssemblyErrors (0ms)
			InitializePlatformSupportModulesInManaged (390ms)
			SetLoadedEditorAssemblies (4ms)
			RefreshPlugins (0ms)
			BeforeProcessingInitializeOnLoad (2ms)
			ProcessInitializeOnLoadAttributes (93ms)
			ProcessInitializeOnLoadMethodAttributes (46ms)
			AfterProcessingInitializeOnLoad (0ms)
			EditorAssembliesLoaded (0ms)
		ExecutionOrderSort2 (0ms)
		AwakeInstancesAfterBackupRestoration (0ms)
========================================================================
Worker process is ready to serve import requests
Begin MonoManager ReloadAssembly
- Loaded All Assemblies, in  0.646 seconds
Refreshing native plugins compatible for Editor in 2.44 ms, found 4 plugins.
Native extension for WindowsStandalone target not found
Native extension for Android target not found
Package Manager log level set to [2]
[Package Manager] Server::EnsureServerProcessIsRunning -- launch failed, reason: Unity was launched with the -noUpm command-line argument
[Package Manager] UpmClient::Send -- Unable to send message (not connected to UPM process).
[Package Manager] Cannot connect to Unity Package Manager local server
Mono: successfully reloaded assembly
- Finished resetting the current domain, in  0.661 seconds
Domain Reload Profiling: 1305ms
	BeginReloadAssembly (151ms)
		ExecutionOrderSort (0ms)
		DisableScriptedObjects (5ms)
		BackupInstance (0ms)
		ReleaseScriptingObjects (0ms)
		CreateAndSetChildDomain (20ms)
	RebuildCommonClasses (35ms)
	RebuildNativeTypeToScriptingClass (11ms)
	initialDomainReloadingComplete (45ms)
	LoadAllAssembliesAndSetupDomain (402ms)
		LoadAssemblies (324ms)
		RebuildTransferFunctionScriptingTraits (0ms)
		AnalyzeDomain (171ms)
			TypeCache.Refresh (145ms)
				TypeCache.ScanAssembly (130ms)
			ScanForSourceGeneratedMonoScriptInfo (21ms)
			ResolveRequiredComponents (5ms)
	FinalizeReload (661ms)
		ReleaseScriptCaches (0ms)
		RebuildScriptCaches (0ms)
		SetupLoadedEditorAssemblies (501ms)
			LogAssemblyErrors (0ms)
			InitializePlatformSupportModulesInManaged (25ms)
			SetLoadedEditorAssemblies (4ms)
			RefreshPlugins (0ms)
			BeforeProcessingInitializeOnLoad (104ms)
			ProcessInitializeOnLoadAttributes (326ms)
			ProcessInitializeOnLoadMethodAttributes (36ms)
			AfterProcessingInitializeOnLoad (7ms)
			EditorAssembliesLoaded (0ms)
		ExecutionOrderSort2 (0ms)
		AwakeInstancesAfterBackupRestoration (7ms)
Launched and connected shader compiler UnityShaderCompiler.exe after 0.05 seconds
Refreshing native plugins compatible for Editor in 2.42 ms, found 4 plugins.
Preloading 0 native plugins for Editor in 0.00 ms.
Unloading 4164 Unused Serialized files (Serialized files now loaded: 0)
Unloading 82 unused Assets / (1.5 MB). Loaded Objects now: 4613.
Memory consumption went from 166.0 MB to 164.5 MB.
Total: 3.557800 ms (FindLiveObjects: 0.325600 ms CreateObjectMapping: 0.215200 ms MarkObjects: 2.609900 ms  DeleteObjects: 0.406200 ms)

AssetImportParameters requested are different than current active one (requested -> active):
  custom:container-demuxer-ogg: 62fdf1f143b41e24485cea50d1cbac27 -> 
  custom:scripting/monoscript/fileName/CheckSFXVolume.cs: eee54ca0ca6a506ae949112461467222 -> 
  custom:video-decoder-ogg-theora: a1e56fd34408186e4bbccfd4996cb3dc -> 
  custom:framework-win-MediaFoundation: 216162199b28c13a410421893ffa2e32 -> 
  custom:scripting/monoscript/fileName/ExtraLinks.cs: 3aacf089bb936eeb41d6c4944ad6b53d -> 
  custom:scripting/monoscript/fileName/ThemedUIData.cs: 4f890ea9b03dedc0c327cd74cecc037d -> 
  custom:scripting/monoscript/fileName/CheckMusicVolume.cs: 35420266a0dc9971e1d62d8f22b5825c -> 
  custom:CustomObjectIndexerAttribute: 756ad292c208cfabdd7b50bc23989ffe -> 
  custom:container-demuxer-webm: 4f35f7cbe854078d1ac9338744f61a02 -> 
  custom:scripting/monoscript/fileName/ThemedUI.cs: 2b032e5ab0a1b31148ae4fce15aa3be3 -> 
  custom:container-muxer-webm: aa71ff27fc2769a1b78a27578f13a17b -> 
  custom:scripting/monoscript/fileName/UISettingsManager.cs: 658c237d11fe42068651cf384f19ab5b -> 
  custom:video-decoder-webm-vp8: 9c59270c3fd7afecdb556c50c9e8de78 -> 
  custom:scripting/monoscript/fileName/UIMenuManager.cs: d3a34efdfcbc28c1ba27a4d292ec7869 -> 
  custom:SearchIndexIgnoredProperties: e643bd26f0fe6173181afceb89e7c659 -> 
  custom:AudioImporter_EditorPlatform: d09bf68614088b80899f8185d706f6e7 -> 
  custom:scripting/monoscript/fileName/SlimUIWindow.cs: 98218d34930a09c0ffdee48076194cfb -> 
  custom:video-encoder-webm-vp8: eb34c28f22e8b96e1ab97ce403110664 -> 
  custom:audio-decoder-ogg-vorbis: bf7c407c2cedff20999df2af8eb42d56 -> 
  custom:audio-encoder-webm-vorbis: bf7c407c2cedff20999df2af8eb42d56 -> 
  custom:scripting/monoscript/fileName/ResetDemo.cs: dcbbf29fcacd951d216c30b8221cf60c -> 
  custom:scripting/monoscript/fileName/ThemedUIElement.cs: a720a39cc31196dc6427cc937fbe4f10 -> 
========================================================================
Received Import Request.
  Time since last request: 2612619.844723 seconds.
  path: Assets/UI/Uss.uss
  artifactKey: Guid(f0b75a3869a535f458de77861b24dcae) Importer(815301076,1909f56bfc062723c751e8b465ee728b)
Start importing Assets/UI/Uss.uss using Guid(f0b75a3869a535f458de77861b24dcae) Importer(815301076,1909f56bfc062723c751e8b465ee728b)  -> (artifact id: '39a656c1929679cd6b09479c6a96e6cb') in 0.051274 seconds
Number of updated asset objects reloaded before import = 0
Number of asset objects unloaded after import = 4
========================================================================
Received Import Request.
  Time since last request: 8.046415 seconds.
  path: Assets/UI/Uss
  artifactKey: Guid(79f3c31b6ac311748a28dbee4407ee72) Importer(815301076,1909f56bfc062723c751e8b465ee728b)
Start importing Assets/UI/Uss using Guid(79f3c31b6ac311748a28dbee4407ee72) Importer(815301076,1909f56bfc062723c751e8b465ee728b)  -> (artifact id: '34155b425325b679a3e04c8c7e14eda7') in 0.000401 seconds
Number of updated asset objects reloaded before import = 0
Number of asset objects unloaded after import = 0
========================================================================
Received Import Request.
  Time since last request: 0.955192 seconds.
  path: Assets/UI/Uss
  artifactKey: Guid(79f3c31b6ac311748a28dbee4407ee72) Importer(2089858483,0ecaa5967403d082aa24f35e1b516d23)
Start importing Assets/UI/Uss using Guid(79f3c31b6ac311748a28dbee4407ee72) Importer(2089858483,0ecaa5967403d082aa24f35e1b516d23) Generated GUIDs only implemented for interfaces!
 -> (artifact id: 'd2320628b586214ab3887fd2d8fd8591') in 0.061360 seconds
Number of updated asset objects reloaded before import = 0
Number of asset objects unloaded after import = 1
========================================================================
Received Import Request.
  Time since last request: 3.091324 seconds.
  path: Assets/UI/Uss/Uss.uss
  artifactKey: Guid(f0b75a3869a535f458de77861b24dcae) Importer(2089858483,0ecaa5967403d082aa24f35e1b516d23)
Start importing Assets/UI/Uss/Uss.uss using Guid(f0b75a3869a535f458de77861b24dcae) Importer(2089858483,0ecaa5967403d082aa24f35e1b516d23) Generated GUIDs only implemented for interfaces!
 -> (artifact id: '99f93d79f39417d0e5a91ae4f42837f2') in 0.046169 seconds
Number of updated asset objects reloaded before import = 0
Number of asset objects unloaded after import = 5
========================================================================
Received Import Request.
  Time since last request: 6.819890 seconds.
  path: Assets/UI/Uss/Button.uss
  artifactKey: Guid(f0b75a3869a535f458de77861b24dcae) Importer(815301076,1909f56bfc062723c751e8b465ee728b)
Start importing Assets/UI/Uss/Button.uss using Guid(f0b75a3869a535f458de77861b24dcae) Importer(815301076,1909f56bfc062723c751e8b465ee728b)  -> (artifact id: '6b8fb99a282d2307e4e4354a8749fa41') in 0.005267 seconds
Number of updated asset objects reloaded before import = 0
Number of asset objects unloaded after import = 4
========================================================================
Received Import Request.
  Time since last request: 0.775437 seconds.
  path: Assets/UI/Uss/Button.uss
  artifactKey: Guid(f0b75a3869a535f458de77861b24dcae) Importer(2089858483,0ecaa5967403d082aa24f35e1b516d23)
Start importing Assets/UI/Uss/Button.uss using Guid(f0b75a3869a535f458de77861b24dcae) Importer(2089858483,0ecaa5967403d082aa24f35e1b516d23) Generated GUIDs only implemented for interfaces!
 -> (artifact id: 'a0e3eb4dee4311b343447c26f51af991') in 0.013119 seconds
Number of updated asset objects reloaded before import = 0
Number of asset objects unloaded after import = 5
========================================================================
Received Import Request.
  Time since last request: 224.297613 seconds.
  path: Assets/UI/Uxml/Sample.uxml
  artifactKey: Guid(af9eb598fb63d3a4ab7b415c088c97af) Importer(815301076,1909f56bfc062723c751e8b465ee728b)
Start importing Assets/UI/Uxml/Sample.uxml using Guid(af9eb598fb63d3a4ab7b415c088c97af) Importer(815301076,1909f56bfc062723c751e8b465ee728b)  -> (artifact id: '40065951ff05a623ec21a96c8bfb2d30') in 0.009769 seconds
Number of updated asset objects reloaded before import = 0
Number of asset objects unloaded after import = 6
========================================================================
Received Import Request.
  Time since last request: 300.661071 seconds.
  path: Assets/UI/Uxml/Sample.uxml
  artifactKey: Guid(af9eb598fb63d3a4ab7b415c088c97af) Importer(815301076,1909f56bfc062723c751e8b465ee728b)
Start importing Assets/UI/Uxml/Sample.uxml using Guid(af9eb598fb63d3a4ab7b415c088c97af) Importer(815301076,1909f56bfc062723c751e8b465ee728b)  -> (artifact id: '2c7478fd6f2480a1700cf85b27accb6f') in 0.030359 seconds
Number of updated asset objects reloaded before import = 0
Number of asset objects unloaded after import = 7
========================================================================
Received Import Request.
  Time since last request: 0.801860 seconds.
  path: Assets/UI/Uxml/Setting.asset
  artifactKey: Guid(1580a3230b431bc46a23a40282bce57c) Importer(2089858483,0ecaa5967403d082aa24f35e1b516d23)
Start importing Assets/UI/Uxml/Setting.asset using Guid(1580a3230b431bc46a23a40282bce57c) Importer(2089858483,0ecaa5967403d082aa24f35e1b516d23) Generated GUIDs only implemented for interfaces!
 -> (artifact id: '562cfc841da65079c5ec2c533c136547') in 0.037105 seconds
Number of updated asset objects reloaded before import = 0
Number of asset objects unloaded after import = 25
========================================================================
Received Import Request.
  Time since last request: 2.480082 seconds.
  path: Assets/UI/Uss/Button.uss
  artifactKey: Guid(f0b75a3869a535f458de77861b24dcae) Importer(815301076,1909f56bfc062723c751e8b465ee728b)
Start importing Assets/UI/Uss/Button.uss using Guid(f0b75a3869a535f458de77861b24dcae) Importer(815301076,1909f56bfc062723c751e8b465ee728b)  -> (artifact id: '4a0d3b91f3e1920c18a2a6ae285711b8') in 0.005211 seconds
Number of updated asset objects reloaded before import = 0
Number of asset objects unloaded after import = 6
========================================================================
Received Import Request.
  Time since last request: 32.082920 seconds.
  path: Assets/UI/Uxml/Sample.uxml
  artifactKey: Guid(af9eb598fb63d3a4ab7b415c088c97af) Importer(815301076,1909f56bfc062723c751e8b465ee728b)
Start importing Assets/UI/Uxml/Sample.uxml using Guid(af9eb598fb63d3a4ab7b415c088c97af) Importer(815301076,1909f56bfc062723c751e8b465ee728b)  -> (artifact id: 'cf789b56f500bed3ba3b8523cd7f7064') in 0.006240 seconds
Number of updated asset objects reloaded before import = 0
Number of asset objects unloaded after import = 8
========================================================================
Received Import Request.
  Time since last request: 0.893791 seconds.
  path: Assets/UI/Uxml/Sample.uxml
  artifactKey: Guid(af9eb598fb63d3a4ab7b415c088c97af) Importer(2089858483,0ecaa5967403d082aa24f35e1b516d23)
Start importing Assets/UI/Uxml/Sample.uxml using Guid(af9eb598fb63d3a4ab7b415c088c97af) Importer(2089858483,0ecaa5967403d082aa24f35e1b516d23) Generated GUIDs only implemented for interfaces!
 -> (artifact id: '78fe066817ee818017fe672d2549d658') in 0.020054 seconds
Number of updated asset objects reloaded before import = 0
Number of asset objects unloaded after import = 9
========================================================================
Received Import Request.
  Time since last request: 59.710829 seconds.
  path: Assets/UI/Uxml/Sample.uxml
  artifactKey: Guid(af9eb598fb63d3a4ab7b415c088c97af) Importer(815301076,1909f56bfc062723c751e8b465ee728b)
Start importing Assets/UI/Uxml/Sample.uxml using Guid(af9eb598fb63d3a4ab7b415c088c97af) Importer(815301076,1909f56bfc062723c751e8b465ee728b)  -> (artifact id: '5b785a8d23c2bf1d9c9c16f788ccae36') in 0.006221 seconds
Number of updated asset objects reloaded before import = 0
Number of asset objects unloaded after import = 8
========================================================================
Received Import Request.
  Time since last request: 0.825788 seconds.
  path: Assets/UI/Uss/Button.uss
  artifactKey: Guid(f0b75a3869a535f458de77861b24dcae) Importer(2089858483,0ecaa5967403d082aa24f35e1b516d23)
Start importing Assets/UI/Uss/Button.uss using Guid(f0b75a3869a535f458de77861b24dcae) Importer(2089858483,0ecaa5967403d082aa24f35e1b516d23) Generated GUIDs only implemented for interfaces!
 -> (artifact id: '731452f066f7625eeef635e771f2805d') in 0.013794 seconds
Number of updated asset objects reloaded before import = 0
Number of asset objects unloaded after import = 7
========================================================================
Received Import Request.
  Time since last request: 24.567329 seconds.
  path: Assets/UI/Uxml/Sample.uxml
  artifactKey: Guid(af9eb598fb63d3a4ab7b415c088c97af) Importer(815301076,1909f56bfc062723c751e8b465ee728b)
Start importing Assets/UI/Uxml/Sample.uxml using Guid(af9eb598fb63d3a4ab7b415c088c97af) Importer(815301076,1909f56bfc062723c751e8b465ee728b)  -> (artifact id: 'ea769f2500cd67fe2052da631b2e7771') in 0.006191 seconds
Number of updated asset objects reloaded before import = 0
Number of asset objects unloaded after import = 8
========================================================================
Received Import Request.
  Time since last request: 0.856737 seconds.
  path: Assets/UI/Uss/Button.uss
  artifactKey: Guid(f0b75a3869a535f458de77861b24dcae) Importer(2089858483,0ecaa5967403d082aa24f35e1b516d23)
Start importing Assets/UI/Uss/Button.uss using Guid(f0b75a3869a535f458de77861b24dcae) Importer(2089858483,0ecaa5967403d082aa24f35e1b516d23) Generated GUIDs only implemented for interfaces!
 -> (artifact id: '00ce4c577be5dc453040a27a5cc12778') in 0.013362 seconds
Number of updated asset objects reloaded before import = 0
Number of asset objects unloaded after import = 7
========================================================================
Received Import Request.
  Time since last request: 27.256420 seconds.
  path: Assets/UI/Uxml/Sample.uxml
  artifactKey: Guid(af9eb598fb63d3a4ab7b415c088c97af) Importer(815301076,1909f56bfc062723c751e8b465ee728b)
Start importing Assets/UI/Uxml/Sample.uxml using Guid(af9eb598fb63d3a4ab7b415c088c97af) Importer(815301076,1909f56bfc062723c751e8b465ee728b)  -> (artifact id: '8dd7b485b31fbf0c66c216a18aabd26a') in 0.006156 seconds
Number of updated asset objects reloaded before import = 0
Number of asset objects unloaded after import = 8
========================================================================
Received Import Request.
  Time since last request: 0.855490 seconds.
  path: Assets/UI/Uss/Button.uss
  artifactKey: Guid(f0b75a3869a535f458de77861b24dcae) Importer(2089858483,0ecaa5967403d082aa24f35e1b516d23)
Start importing Assets/UI/Uss/Button.uss using Guid(f0b75a3869a535f458de77861b24dcae) Importer(2089858483,0ecaa5967403d082aa24f35e1b516d23) Generated GUIDs only implemented for interfaces!
 -> (artifact id: '8a3ccd7c725ba64dfe9b8029b0a87526') in 0.014847 seconds
Number of updated asset objects reloaded before import = 0
Number of asset objects unloaded after import = 7
========================================================================
Received Import Request.
  Time since last request: 13.491413 seconds.
  path: Assets/UI/Uss/Button.uss
  artifactKey: Guid(f0b75a3869a535f458de77861b24dcae) Importer(815301076,1909f56bfc062723c751e8b465ee728b)
Start importing Assets/UI/Uss/Button.uss using Guid(f0b75a3869a535f458de77861b24dcae) Importer(815301076,1909f56bfc062723c751e8b465ee728b)  -> (artifact id: '40d875c70f79434062bc7bcde507c286') in 0.006243 seconds
Number of updated asset objects reloaded before import = 0
Number of asset objects unloaded after import = 6
========================================================================
Received Import Request.
  Time since last request: 447.976516 seconds.
  path: Assets/UI/Uxml/Sample.uxml
  artifactKey: Guid(af9eb598fb63d3a4ab7b415c088c97af) Importer(815301076,1909f56bfc062723c751e8b465ee728b)
Start importing Assets/UI/Uxml/Sample.uxml using Guid(af9eb598fb63d3a4ab7b415c088c97af) Importer(815301076,1909f56bfc062723c751e8b465ee728b)  -> (artifact id: '4e2576d4ea4ff33ac9c878ac6f5676d2') in 0.006733 seconds
Number of updated asset objects reloaded before import = 0
Number of asset objects unloaded after import = 8
========================================================================
Received Import Request.
  Time since last request: 0.854232 seconds.
  path: Assets/UI/Uss/Button.uss
  artifactKey: Guid(f0b75a3869a535f458de77861b24dcae) Importer(2089858483,0ecaa5967403d082aa24f35e1b516d23)
Start importing Assets/UI/Uss/Button.uss using Guid(f0b75a3869a535f458de77861b24dcae) Importer(2089858483,0ecaa5967403d082aa24f35e1b516d23) Generated GUIDs only implemented for interfaces!
 -> (artifact id: '180636d13416ca7ef3ab710d8233dde1') in 0.026605 seconds
Number of updated asset objects reloaded before import = 0
Number of asset objects unloaded after import = 7
========================================================================
Received Prepare
Begin MonoManager ReloadAssembly
- Loaded All Assemblies, in  0.849 seconds
Refreshing native plugins compatible for Editor in 2.71 ms, found 4 plugins.
Native extension for WindowsStandalone target not found
Native extension for Android target not found
[Package Manager] Server::EnsureServerProcessIsRunning -- launch failed, reason: Unity was launched with the -noUpm command-line argument
[Package Manager] UpmClient::Send -- Unable to send message (not connected to UPM process).
[Package Manager] Cannot connect to Unity Package Manager local server
Mono: successfully reloaded assembly
- Finished resetting the current domain, in 21.902 seconds
Domain Reload Profiling: 22749ms
	BeginReloadAssembly (186ms)
		ExecutionOrderSort (0ms)
		DisableScriptedObjects (27ms)
		BackupInstance (0ms)
		ReleaseScriptingObjects (0ms)
		CreateAndSetChildDomain (39ms)
	RebuildCommonClasses (36ms)
	RebuildNativeTypeToScriptingClass (13ms)
	initialDomainReloadingComplete (44ms)
	LoadAllAssembliesAndSetupDomain (567ms)
		LoadAssemblies (642ms)
		RebuildTransferFunctionScriptingTraits (0ms)
		AnalyzeDomain (16ms)
			TypeCache.Refresh (8ms)
				TypeCache.ScanAssembly (0ms)
			ScanForSourceGeneratedMonoScriptInfo (0ms)
			ResolveRequiredComponents (7ms)
	FinalizeReload (21902ms)
		ReleaseScriptCaches (0ms)
		RebuildScriptCaches (0ms)
		SetupLoadedEditorAssemblies (537ms)
			LogAssemblyErrors (0ms)
			InitializePlatformSupportModulesInManaged (30ms)
			SetLoadedEditorAssemblies (8ms)
			RefreshPlugins (0ms)
			BeforeProcessingInitializeOnLoad (144ms)
			ProcessInitializeOnLoadAttributes (316ms)
			ProcessInitializeOnLoadMethodAttributes (32ms)
			AfterProcessingInitializeOnLoad (7ms)
			EditorAssembliesLoaded (0ms)
		ExecutionOrderSort2 (0ms)
		AwakeInstancesAfterBackupRestoration (13ms)
Refreshing native plugins compatible for Editor in 4.15 ms, found 4 plugins.
Preloading 0 native plugins for Editor in 0.00 ms.
Unloading 4117 Unused Serialized files (Serialized files now loaded: 0)
Unloading 55 unused Assets / (1.5 MB). Loaded Objects now: 4620.
Memory consumption went from 156.3 MB to 154.8 MB.
Total: 4.351300 ms (FindLiveObjects: 0.300500 ms CreateObjectMapping: 0.287900 ms MarkObjects: 3.397700 ms  DeleteObjects: 0.364000 ms)

Prepare: number of updated asset objects reloaded= 0
AssetImportParameters requested are different than current active one (requested -> active):
  custom:container-demuxer-ogg: 62fdf1f143b41e24485cea50d1cbac27 -> 
  custom:scripting/monoscript/fileName/CheckSFXVolume.cs: eee54ca0ca6a506ae949112461467222 -> 
  custom:video-decoder-ogg-theora: a1e56fd34408186e4bbccfd4996cb3dc -> 
  custom:framework-win-MediaFoundation: 216162199b28c13a410421893ffa2e32 -> 
  custom:scripting/monoscript/fileName/ExtraLinks.cs: 3aacf089bb936eeb41d6c4944ad6b53d -> 
  custom:scripting/monoscript/fileName/ThemedUIData.cs: 4f890ea9b03dedc0c327cd74cecc037d -> 
  custom:scripting/monoscript/fileName/CheckMusicVolume.cs: 35420266a0dc9971e1d62d8f22b5825c -> 
  custom:CustomObjectIndexerAttribute: 756ad292c208cfabdd7b50bc23989ffe -> 
  custom:container-demuxer-webm: 4f35f7cbe854078d1ac9338744f61a02 -> 
  custom:scripting/monoscript/fileName/ThemedUI.cs: 2b032e5ab0a1b31148ae4fce15aa3be3 -> 
  custom:container-muxer-webm: aa71ff27fc2769a1b78a27578f13a17b -> 
  custom:scripting/monoscript/fileName/UISettingsManager.cs: 658c237d11fe42068651cf384f19ab5b -> 
  custom:video-decoder-webm-vp8: 9c59270c3fd7afecdb556c50c9e8de78 -> 
  custom:scripting/monoscript/fileName/UIMenuManager.cs: d3a34efdfcbc28c1ba27a4d292ec7869 -> 
  custom:SearchIndexIgnoredProperties: e643bd26f0fe6173181afceb89e7c659 -> 
  custom:AudioImporter_EditorPlatform: d09bf68614088b80899f8185d706f6e7 -> 
  custom:scripting/monoscript/fileName/SlimUIWindow.cs: 98218d34930a09c0ffdee48076194cfb -> 
  custom:video-encoder-webm-vp8: eb34c28f22e8b96e1ab97ce403110664 -> 
  custom:audio-decoder-ogg-vorbis: bf7c407c2cedff20999df2af8eb42d56 -> 
  custom:audio-encoder-webm-vorbis: bf7c407c2cedff20999df2af8eb42d56 -> 
  custom:scripting/monoscript/fileName/ResetDemo.cs: dcbbf29fcacd951d216c30b8221cf60c -> 
  custom:scripting/monoscript/fileName/ThemedUIElement.cs: a720a39cc31196dc6427cc937fbe4f10 -> 
========================================================================
Received Import Request.
  Time since last request: 106.501775 seconds.
  path: Assets/UI/Uxml/Sample.uxml
  artifactKey: Guid(af9eb598fb63d3a4ab7b415c088c97af) Importer(815301076,1909f56bfc062723c751e8b465ee728b)
Start importing Assets/UI/Uxml/Sample.uxml using Guid(af9eb598fb63d3a4ab7b415c088c97af) Importer(815301076,1909f56bfc062723c751e8b465ee728b)  -> (artifact id: 'ada224f4bb148c0624f23544e3321d67') in 0.025852 seconds
Number of updated asset objects reloaded before import = 0
Number of asset objects unloaded after import = 8
========================================================================
Received Import Request.
  Time since last request: 43.237624 seconds.
  path: Assets/UI/Uxml/Sample.uxml
  artifactKey: Guid(af9eb598fb63d3a4ab7b415c088c97af) Importer(815301076,1909f56bfc062723c751e8b465ee728b)
Start importing Assets/UI/Uxml/Sample.uxml using Guid(af9eb598fb63d3a4ab7b415c088c97af) Importer(815301076,1909f56bfc062723c751e8b465ee728b)  -> (artifact id: 'd7db4abebbfaddc6e85356a0949c43c8') in 0.006197 seconds
Number of updated asset objects reloaded before import = 0
Number of asset objects unloaded after import = 8
========================================================================
Received Prepare
Begin MonoManager ReloadAssembly
- Loaded All Assemblies, in  0.454 seconds
Refreshing native plugins compatible for Editor in 2.51 ms, found 4 plugins.
Native extension for WindowsStandalone target not found
Native extension for Android target not found
[Package Manager] Server::EnsureServerProcessIsRunning -- launch failed, reason: Unity was launched with the -noUpm command-line argument
[Package Manager] UpmClient::Send -- Unable to send message (not connected to UPM process).
[Package Manager] Cannot connect to Unity Package Manager local server
Mono: successfully reloaded assembly
- Finished resetting the current domain, in  1.039 seconds
Domain Reload Profiling: 1491ms
	BeginReloadAssembly (153ms)
		ExecutionOrderSort (0ms)
		DisableScriptedObjects (11ms)
		BackupInstance (0ms)
		ReleaseScriptingObjects (0ms)
		CreateAndSetChildDomain (34ms)
	RebuildCommonClasses (30ms)
	RebuildNativeTypeToScriptingClass (11ms)
	initialDomainReloadingComplete (27ms)
	LoadAllAssembliesAndSetupDomain (230ms)
		LoadAssemblies (293ms)
		RebuildTransferFunctionScriptingTraits (0ms)
		AnalyzeDomain (16ms)
			TypeCache.Refresh (7ms)
				TypeCache.ScanAssembly (0ms)
			ScanForSourceGeneratedMonoScriptInfo (0ms)
			ResolveRequiredComponents (7ms)
	FinalizeReload (1039ms)
		ReleaseScriptCaches (0ms)
		RebuildScriptCaches (0ms)
		SetupLoadedEditorAssemblies (574ms)
			LogAssemblyErrors (0ms)
			InitializePlatformSupportModulesInManaged (25ms)
			SetLoadedEditorAssemblies (5ms)
			RefreshPlugins (0ms)
			BeforeProcessingInitializeOnLoad (124ms)
			ProcessInitializeOnLoadAttributes (372ms)
			ProcessInitializeOnLoadMethodAttributes (39ms)
			AfterProcessingInitializeOnLoad (8ms)
			EditorAssembliesLoaded (0ms)
		ExecutionOrderSort2 (0ms)
		AwakeInstancesAfterBackupRestoration (15ms)
Refreshing native plugins compatible for Editor in 4.45 ms, found 4 plugins.
Preloading 0 native plugins for Editor in 0.00 ms.
Unloading 4117 Unused Serialized files (Serialized files now loaded: 0)
Unloading 54 unused Assets / (1.4 MB). Loaded Objects now: 4624.
Memory consumption went from 158.2 MB to 156.8 MB.
Total: 4.746500 ms (FindLiveObjects: 0.691400 ms CreateObjectMapping: 0.644200 ms MarkObjects: 2.973400 ms  DeleteObjects: 0.436300 ms)

Prepare: number of updated asset objects reloaded= 0
AssetImportParameters requested are different than current active one (requested -> active):
  custom:container-demuxer-ogg: 62fdf1f143b41e24485cea50d1cbac27 -> 
  custom:scripting/monoscript/fileName/CheckSFXVolume.cs: eee54ca0ca6a506ae949112461467222 -> 
  custom:video-decoder-ogg-theora: a1e56fd34408186e4bbccfd4996cb3dc -> 
  custom:framework-win-MediaFoundation: 216162199b28c13a410421893ffa2e32 -> 
  custom:scripting/monoscript/fileName/ExtraLinks.cs: 3aacf089bb936eeb41d6c4944ad6b53d -> 
  custom:scripting/monoscript/fileName/ThemedUIData.cs: 4f890ea9b03dedc0c327cd74cecc037d -> 
  custom:scripting/monoscript/fileName/CheckMusicVolume.cs: 35420266a0dc9971e1d62d8f22b5825c -> 
  custom:CustomObjectIndexerAttribute: 756ad292c208cfabdd7b50bc23989ffe -> 
  custom:container-demuxer-webm: 4f35f7cbe854078d1ac9338744f61a02 -> 
  custom:scripting/monoscript/fileName/ThemedUI.cs: 2b032e5ab0a1b31148ae4fce15aa3be3 -> 
  custom:container-muxer-webm: aa71ff27fc2769a1b78a27578f13a17b -> 
  custom:scripting/monoscript/fileName/UISettingsManager.cs: 658c237d11fe42068651cf384f19ab5b -> 
  custom:video-decoder-webm-vp8: 9c59270c3fd7afecdb556c50c9e8de78 -> 
  custom:scripting/monoscript/fileName/UIMenuManager.cs: d3a34efdfcbc28c1ba27a4d292ec7869 -> 
  custom:SearchIndexIgnoredProperties: e643bd26f0fe6173181afceb89e7c659 -> 
  custom:AudioImporter_EditorPlatform: d09bf68614088b80899f8185d706f6e7 -> 
  custom:scripting/monoscript/fileName/SlimUIWindow.cs: 98218d34930a09c0ffdee48076194cfb -> 
  custom:video-encoder-webm-vp8: eb34c28f22e8b96e1ab97ce403110664 -> 
  custom:audio-decoder-ogg-vorbis: bf7c407c2cedff20999df2af8eb42d56 -> 
  custom:audio-encoder-webm-vorbis: bf7c407c2cedff20999df2af8eb42d56 -> 
  custom:scripting/monoscript/fileName/ResetDemo.cs: dcbbf29fcacd951d216c30b8221cf60c -> 
  custom:scripting/monoscript/fileName/ThemedUIElement.cs: a720a39cc31196dc6427cc937fbe4f10 -> 
========================================================================
Received Import Request.
  Time since last request: 138.564614 seconds.
  path: Assets/UI/Uxml/Sample.uxml
  artifactKey: Guid(af9eb598fb63d3a4ab7b415c088c97af) Importer(815301076,1909f56bfc062723c751e8b465ee728b)
Start importing Assets/UI/Uxml/Sample.uxml using Guid(af9eb598fb63d3a4ab7b415c088c97af) Importer(815301076,1909f56bfc062723c751e8b465ee728b)  -> (artifact id: '243382dd25ac77654e8edd1f82f26b80') in 0.026627 seconds
Number of updated asset objects reloaded before import = 0
Number of asset objects unloaded after import = 8
========================================================================
Received Import Request.
  Time since last request: 685.370006 seconds.
  path: Assets/UI/Uss/Button.uss
  artifactKey: Guid(f0b75a3869a535f458de77861b24dcae) Importer(815301076,1909f56bfc062723c751e8b465ee728b)
Start importing Assets/UI/Uss/Button.uss using Guid(f0b75a3869a535f458de77861b24dcae) Importer(815301076,1909f56bfc062723c751e8b465ee728b)  -> (artifact id: '5551dc5a9c76d360f89e598da753cbcc') in 0.007330 seconds
Number of updated asset objects reloaded before import = 0
Number of asset objects unloaded after import = 6
========================================================================
Received Import Request.
  Time since last request: 2019.776425 seconds.
  path: Assets/UI/Script
  artifactKey: Guid(b34d7f8afeee69a4f90387daafe1d801) Importer(815301076,1909f56bfc062723c751e8b465ee728b)
Start importing Assets/UI/Script using Guid(b34d7f8afeee69a4f90387daafe1d801) Importer(815301076,1909f56bfc062723c751e8b465ee728b)  -> (artifact id: '91b1fa1de27a671b4300020dc722e90a') in 0.000560 seconds
Number of updated asset objects reloaded before import = 0
Number of asset objects unloaded after import = 0
========================================================================
Received Import Request.
  Time since last request: 8.356160 seconds.
  path: Assets/UI/Script/UIController.cs
  artifactKey: Guid(d745e183015c4d24093b0d9cc39acf82) Importer(815301076,1909f56bfc062723c751e8b465ee728b)
Start importing Assets/UI/Script/UIController.cs using Guid(d745e183015c4d24093b0d9cc39acf82) Importer(815301076,1909f56bfc062723c751e8b465ee728b)  -> (artifact id: '24731e2aa6fb8ad95dc6773a11fc6867') in 0.000373 seconds
Number of updated asset objects reloaded before import = 0
Number of asset objects unloaded after import = 0
========================================================================
Received Prepare
Begin MonoManager ReloadAssembly
- Loaded All Assemblies, in  0.653 seconds
Refreshing native plugins compatible for Editor in 4.73 ms, found 4 plugins.
Native extension for WindowsStandalone target not found
Native extension for Android target not found
[Package Manager] Server::EnsureServerProcessIsRunning -- launch failed, reason: Unity was launched with the -noUpm command-line argument
[Package Manager] UpmClient::Send -- Unable to send message (not connected to UPM process).
[Package Manager] Cannot connect to Unity Package Manager local server
Mono: successfully reloaded assembly
- Finished resetting the current domain, in  1.212 seconds
Domain Reload Profiling: 1863ms
	BeginReloadAssembly (165ms)
		ExecutionOrderSort (0ms)
		DisableScriptedObjects (12ms)
		BackupInstance (0ms)
		ReleaseScriptingObjects (0ms)
		CreateAndSetChildDomain (37ms)
	RebuildCommonClasses (33ms)
	RebuildNativeTypeToScriptingClass (15ms)
	initialDomainReloadingComplete (32ms)
	LoadAllAssembliesAndSetupDomain (406ms)
		LoadAssemblies (439ms)
		RebuildTransferFunctionScriptingTraits (0ms)
		AnalyzeDomain (53ms)
			TypeCache.Refresh (24ms)
				TypeCache.ScanAssembly (0ms)
			ScanForSourceGeneratedMonoScriptInfo (17ms)
			ResolveRequiredComponents (11ms)
	FinalizeReload (1212ms)
		ReleaseScriptCaches (0ms)
		RebuildScriptCaches (0ms)
		SetupLoadedEditorAssemblies (613ms)
			LogAssemblyErrors (0ms)
			InitializePlatformSupportModulesInManaged (31ms)
			SetLoadedEditorAssemblies (5ms)
			RefreshPlugins (0ms)
			BeforeProcessingInitializeOnLoad (136ms)
			ProcessInitializeOnLoadAttributes (388ms)
			ProcessInitializeOnLoadMethodAttributes (43ms)
			AfterProcessingInitializeOnLoad (10ms)
			EditorAssembliesLoaded (0ms)
		ExecutionOrderSort2 (0ms)
		AwakeInstancesAfterBackupRestoration (24ms)
Refreshing native plugins compatible for Editor in 2.79 ms, found 4 plugins.
Preloading 0 native plugins for Editor in 0.00 ms.
Unloading 4118 Unused Serialized files (Serialized files now loaded: 0)
Unloading 54 unused Assets / (1.4 MB). Loaded Objects now: 4629.
Memory consumption went from 160.2 MB to 158.7 MB.
Total: 6.172900 ms (FindLiveObjects: 0.440800 ms CreateObjectMapping: 0.647500 ms MarkObjects: 4.651300 ms  DeleteObjects: 0.431800 ms)

Prepare: number of updated asset objects reloaded= 0
AssetImportParameters requested are different than current active one (requested -> active):
  custom:container-demuxer-ogg: 62fdf1f143b41e24485cea50d1cbac27 -> 
  custom:scripting/monoscript/fileName/CheckSFXVolume.cs: eee54ca0ca6a506ae949112461467222 -> 
  custom:video-decoder-ogg-theora: a1e56fd34408186e4bbccfd4996cb3dc -> 
  custom:framework-win-MediaFoundation: 216162199b28c13a410421893ffa2e32 -> 
  custom:scripting/monoscript/fileName/ExtraLinks.cs: 3aacf089bb936eeb41d6c4944ad6b53d -> 
  custom:scripting/monoscript/fileName/ThemedUIData.cs: 4f890ea9b03dedc0c327cd74cecc037d -> 
  custom:scripting/monoscript/fileName/CheckMusicVolume.cs: 35420266a0dc9971e1d62d8f22b5825c -> 
  custom:CustomObjectIndexerAttribute: 756ad292c208cfabdd7b50bc23989ffe -> 
  custom:container-demuxer-webm: 4f35f7cbe854078d1ac9338744f61a02 -> 
  custom:scripting/monoscript/fileName/ThemedUI.cs: 2b032e5ab0a1b31148ae4fce15aa3be3 -> 
  custom:container-muxer-webm: aa71ff27fc2769a1b78a27578f13a17b -> 
  custom:scripting/monoscript/fileName/UISettingsManager.cs: 658c237d11fe42068651cf384f19ab5b -> 
  custom:video-decoder-webm-vp8: 9c59270c3fd7afecdb556c50c9e8de78 -> 
  custom:scripting/monoscript/fileName/UIMenuManager.cs: d3a34efdfcbc28c1ba27a4d292ec7869 -> 
  custom:SearchIndexIgnoredProperties: e643bd26f0fe6173181afceb89e7c659 -> 
  custom:AudioImporter_EditorPlatform: d09bf68614088b80899f8185d706f6e7 -> 
  custom:scripting/monoscript/fileName/SlimUIWindow.cs: 98218d34930a09c0ffdee48076194cfb -> 
  custom:video-encoder-webm-vp8: eb34c28f22e8b96e1ab97ce403110664 -> 
  custom:audio-decoder-ogg-vorbis: bf7c407c2cedff20999df2af8eb42d56 -> 
  custom:audio-encoder-webm-vorbis: bf7c407c2cedff20999df2af8eb42d56 -> 
  custom:scripting/monoscript/fileName/ResetDemo.cs: dcbbf29fcacd951d216c30b8221cf60c -> 
  custom:scripting/monoscript/fileName/ThemedUIElement.cs: a720a39cc31196dc6427cc937fbe4f10 -> 
========================================================================
Received Import Request.
  Time since last request: 304.352919 seconds.
  path: Assets/UI/Script/UIController.cs
  artifactKey: Guid(d745e183015c4d24093b0d9cc39acf82) Importer(815301076,1909f56bfc062723c751e8b465ee728b)
Start importing Assets/UI/Script/UIController.cs using Guid(d745e183015c4d24093b0d9cc39acf82) Importer(815301076,1909f56bfc062723c751e8b465ee728b)  -> (artifact id: '279811b2d00fc028d963cfdc97b93057') in 0.003088 seconds
Number of updated asset objects reloaded before import = 0
Number of asset objects unloaded after import = 0
========================================================================
Received Prepare
Begin MonoManager ReloadAssembly
- Loaded All Assemblies, in  0.713 seconds
Refreshing native plugins compatible for Editor in 2.83 ms, found 4 plugins.
Native extension for WindowsStandalone target not found
Native extension for Android target not found
[Package Manager] Server::EnsureServerProcessIsRunning -- launch failed, reason: Unity was launched with the -noUpm command-line argument
[Package Manager] UpmClient::Send -- Unable to send message (not connected to UPM process).
[Package Manager] Cannot connect to Unity Package Manager local server
Mono: successfully reloaded assembly
- Finished resetting the current domain, in 10.392 seconds
Domain Reload Profiling: 11104ms
	BeginReloadAssembly (189ms)
		ExecutionOrderSort (0ms)
		DisableScriptedObjects (13ms)
		BackupInstance (0ms)
		ReleaseScriptingObjects (0ms)
		CreateAndSetChildDomain (49ms)
	RebuildCommonClasses (31ms)
	RebuildNativeTypeToScriptingClass (12ms)
	initialDomainReloadingComplete (42ms)
	LoadAllAssembliesAndSetupDomain (437ms)
		LoadAssemblies (499ms)
		RebuildTransferFunctionScriptingTraits (0ms)
		AnalyzeDomain (32ms)
			TypeCache.Refresh (12ms)
				TypeCache.ScanAssembly (0ms)
			ScanForSourceGeneratedMonoScriptInfo (13ms)
			ResolveRequiredComponents (6ms)
	FinalizeReload (10393ms)
		ReleaseScriptCaches (0ms)
		RebuildScriptCaches (0ms)
		SetupLoadedEditorAssemblies (585ms)
			LogAssemblyErrors (0ms)
			InitializePlatformSupportModulesInManaged (28ms)
			SetLoadedEditorAssemblies (5ms)
			RefreshPlugins (0ms)
			BeforeProcessingInitializeOnLoad (135ms)
			ProcessInitializeOnLoadAttributes (366ms)
			ProcessInitializeOnLoadMethodAttributes (43ms)
			AfterProcessingInitializeOnLoad (8ms)
			EditorAssembliesLoaded (0ms)
		ExecutionOrderSort2 (0ms)
		AwakeInstancesAfterBackupRestoration (15ms)
Refreshing native plugins compatible for Editor in 2.97 ms, found 4 plugins.
Preloading 0 native plugins for Editor in 0.00 ms.
Unloading 4118 Unused Serialized files (Serialized files now loaded: 0)
Unloading 54 unused Assets / (1.4 MB). Loaded Objects now: 4633.
Memory consumption went from 162.1 MB to 160.6 MB.
Total: 4.494700 ms (FindLiveObjects: 0.467000 ms CreateObjectMapping: 0.468600 ms MarkObjects: 3.059200 ms  DeleteObjects: 0.498700 ms)

Prepare: number of updated asset objects reloaded= 0
AssetImportParameters requested are different than current active one (requested -> active):
  custom:container-demuxer-ogg: 62fdf1f143b41e24485cea50d1cbac27 -> 
  custom:scripting/monoscript/fileName/CheckSFXVolume.cs: eee54ca0ca6a506ae949112461467222 -> 
  custom:video-decoder-ogg-theora: a1e56fd34408186e4bbccfd4996cb3dc -> 
  custom:framework-win-MediaFoundation: 216162199b28c13a410421893ffa2e32 -> 
  custom:scripting/monoscript/fileName/ExtraLinks.cs: 3aacf089bb936eeb41d6c4944ad6b53d -> 
  custom:scripting/monoscript/fileName/ThemedUIData.cs: 4f890ea9b03dedc0c327cd74cecc037d -> 
  custom:scripting/monoscript/fileName/CheckMusicVolume.cs: 35420266a0dc9971e1d62d8f22b5825c -> 
  custom:CustomObjectIndexerAttribute: 756ad292c208cfabdd7b50bc23989ffe -> 
  custom:container-demuxer-webm: 4f35f7cbe854078d1ac9338744f61a02 -> 
  custom:scripting/monoscript/fileName/ThemedUI.cs: 2b032e5ab0a1b31148ae4fce15aa3be3 -> 
  custom:container-muxer-webm: aa71ff27fc2769a1b78a27578f13a17b -> 
  custom:scripting/monoscript/fileName/UISettingsManager.cs: 658c237d11fe42068651cf384f19ab5b -> 
  custom:video-decoder-webm-vp8: 9c59270c3fd7afecdb556c50c9e8de78 -> 
  custom:scripting/monoscript/fileName/UIMenuManager.cs: d3a34efdfcbc28c1ba27a4d292ec7869 -> 
  custom:SearchIndexIgnoredProperties: e643bd26f0fe6173181afceb89e7c659 -> 
  custom:AudioImporter_EditorPlatform: d09bf68614088b80899f8185d706f6e7 -> 
  custom:scripting/monoscript/fileName/SlimUIWindow.cs: 98218d34930a09c0ffdee48076194cfb -> 
  custom:video-encoder-webm-vp8: eb34c28f22e8b96e1ab97ce403110664 -> 
  custom:audio-decoder-ogg-vorbis: bf7c407c2cedff20999df2af8eb42d56 -> 
  custom:audio-encoder-webm-vorbis: bf7c407c2cedff20999df2af8eb42d56 -> 
  custom:scripting/monoscript/fileName/ResetDemo.cs: dcbbf29fcacd951d216c30b8221cf60c -> 
  custom:scripting/monoscript/fileName/ThemedUIElement.cs: a720a39cc31196dc6427cc937fbe4f10 -> 
========================================================================
Received Import Request.
  Time since last request: 225.372294 seconds.
  path: Assets/UI/Script/UIController.cs
  artifactKey: Guid(d745e183015c4d24093b0d9cc39acf82) Importer(815301076,1909f56bfc062723c751e8b465ee728b)
Start importing Assets/UI/Script/UIController.cs using Guid(d745e183015c4d24093b0d9cc39acf82) Importer(815301076,1909f56bfc062723c751e8b465ee728b)  -> (artifact id: '0a2f9ec9ae1821122b836e3d65c94c85') in 0.002090 seconds
Number of updated asset objects reloaded before import = 0
Number of asset objects unloaded after import = 0
========================================================================
Received Prepare
Begin MonoManager ReloadAssembly
- Loaded All Assemblies, in  0.519 seconds
Refreshing native plugins compatible for Editor in 2.85 ms, found 4 plugins.
Native extension for WindowsStandalone target not found
Native extension for Android target not found
[Package Manager] Server::EnsureServerProcessIsRunning -- launch failed, reason: Unity was launched with the -noUpm command-line argument
[Package Manager] UpmClient::Send -- Unable to send message (not connected to UPM process).
[Package Manager] Cannot connect to Unity Package Manager local server
Mono: successfully reloaded assembly
- Finished resetting the current domain, in  1.173 seconds
Domain Reload Profiling: 1691ms
	BeginReloadAssembly (158ms)
		ExecutionOrderSort (0ms)
		DisableScriptedObjects (12ms)
		BackupInstance (0ms)
		ReleaseScriptingObjects (0ms)
		CreateAndSetChildDomain (36ms)
	RebuildCommonClasses (30ms)
	RebuildNativeTypeToScriptingClass (11ms)
	initialDomainReloadingComplete (27ms)
	LoadAllAssembliesAndSetupDomain (291ms)
		LoadAssemblies (336ms)
		RebuildTransferFunctionScriptingTraits (0ms)
		AnalyzeDomain (36ms)
			TypeCache.Refresh (14ms)
				TypeCache.ScanAssembly (0ms)
			ScanForSourceGeneratedMonoScriptInfo (15ms)
			ResolveRequiredComponents (6ms)
	FinalizeReload (1174ms)
		ReleaseScriptCaches (0ms)
		RebuildScriptCaches (0ms)
		SetupLoadedEditorAssemblies (577ms)
			LogAssemblyErrors (0ms)
			InitializePlatformSupportModulesInManaged (33ms)
			SetLoadedEditorAssemblies (5ms)
			RefreshPlugins (0ms)
			BeforeProcessingInitializeOnLoad (124ms)
			ProcessInitializeOnLoadAttributes (369ms)
			ProcessInitializeOnLoadMethodAttributes (38ms)
			AfterProcessingInitializeOnLoad (8ms)
			EditorAssembliesLoaded (0ms)
		ExecutionOrderSort2 (0ms)
		AwakeInstancesAfterBackupRestoration (14ms)
Refreshing native plugins compatible for Editor in 2.78 ms, found 4 plugins.
Preloading 0 native plugins for Editor in 0.00 ms.
Unloading 4118 Unused Serialized files (Serialized files now loaded: 0)
Unloading 54 unused Assets / (1.4 MB). Loaded Objects now: 4637.
Memory consumption went from 164.0 MB to 162.6 MB.
Total: 4.929400 ms (FindLiveObjects: 0.672600 ms CreateObjectMapping: 0.406700 ms MarkObjects: 3.469700 ms  DeleteObjects: 0.379300 ms)

Prepare: number of updated asset objects reloaded= 0
AssetImportParameters requested are different than current active one (requested -> active):
  custom:container-demuxer-ogg: 62fdf1f143b41e24485cea50d1cbac27 -> 
  custom:scripting/monoscript/fileName/CheckSFXVolume.cs: eee54ca0ca6a506ae949112461467222 -> 
  custom:video-decoder-ogg-theora: a1e56fd34408186e4bbccfd4996cb3dc -> 
  custom:framework-win-MediaFoundation: 216162199b28c13a410421893ffa2e32 -> 
  custom:scripting/monoscript/fileName/ExtraLinks.cs: 3aacf089bb936eeb41d6c4944ad6b53d -> 
  custom:scripting/monoscript/fileName/ThemedUIData.cs: 4f890ea9b03dedc0c327cd74cecc037d -> 
  custom:scripting/monoscript/fileName/CheckMusicVolume.cs: 35420266a0dc9971e1d62d8f22b5825c -> 
  custom:CustomObjectIndexerAttribute: 756ad292c208cfabdd7b50bc23989ffe -> 
  custom:container-demuxer-webm: 4f35f7cbe854078d1ac9338744f61a02 -> 
  custom:scripting/monoscript/fileName/ThemedUI.cs: 2b032e5ab0a1b31148ae4fce15aa3be3 -> 
  custom:container-muxer-webm: aa71ff27fc2769a1b78a27578f13a17b -> 
  custom:scripting/monoscript/fileName/UISettingsManager.cs: 658c237d11fe42068651cf384f19ab5b -> 
  custom:video-decoder-webm-vp8: 9c59270c3fd7afecdb556c50c9e8de78 -> 
  custom:scripting/monoscript/fileName/UIMenuManager.cs: d3a34efdfcbc28c1ba27a4d292ec7869 -> 
  custom:SearchIndexIgnoredProperties: e643bd26f0fe6173181afceb89e7c659 -> 
  custom:AudioImporter_EditorPlatform: d09bf68614088b80899f8185d706f6e7 -> 
  custom:scripting/monoscript/fileName/SlimUIWindow.cs: 98218d34930a09c0ffdee48076194cfb -> 
  custom:video-encoder-webm-vp8: eb34c28f22e8b96e1ab97ce403110664 -> 
  custom:audio-decoder-ogg-vorbis: bf7c407c2cedff20999df2af8eb42d56 -> 
  custom:audio-encoder-webm-vorbis: bf7c407c2cedff20999df2af8eb42d56 -> 
  custom:scripting/monoscript/fileName/ResetDemo.cs: dcbbf29fcacd951d216c30b8221cf60c -> 
  custom:scripting/monoscript/fileName/ThemedUIElement.cs: a720a39cc31196dc6427cc937fbe4f10 -> 
========================================================================
Received Import Request.
  Time since last request: 1973.313406 seconds.
  path: Assets/UI/Script/UIController.cs
  artifactKey: Guid(d745e183015c4d24093b0d9cc39acf82) Importer(815301076,1909f56bfc062723c751e8b465ee728b)
Start importing Assets/UI/Script/UIController.cs using Guid(d745e183015c4d24093b0d9cc39acf82) Importer(815301076,1909f56bfc062723c751e8b465ee728b)  -> (artifact id: 'f4109e8f2bc416c0e853ca2245ef3590') in 0.002945 seconds
Number of updated asset objects reloaded before import = 0
Number of asset objects unloaded after import = 0
