Using pre-set license
Built from '2022.3/release' branch; Version is '2022.3.12f1 (4fe6e059c7ef) revision 5236448'; Using compiler version '192829333'; Build Type 'Release'
OS: 'Windows 10  (10.0.19045) 64bit Professional' Language: 'zh' Physical Memory: 16225 MB
BatchMode: 1, IsHumanControllingUs: 0, StartBugReporterOnCrash: 0, Is64bit: 1, IsPro: 1

COMMAND LINE ARGUMENTS:
C:\Program Files\Unity\Hub\Editor\2022.3.12f1-x86_64\Editor\Unity.exe
-adb2
-batchMode
-noUpm
-name
AssetImportWorker3
-projectPath
D:/Program Files/unity/Unity UI Toolkit
-logFile
Logs/AssetImportWorker3.log
-srvPort
56701
Successfully changed project path to: D:/Program Files/unity/Unity UI Toolkit
D:/Program Files/unity/Unity UI Toolkit
[UnityMemory] Configuration Parameters - Can be set up in boot.config
    "memorysetup-bucket-allocator-granularity=16"
    "memorysetup-bucket-allocator-bucket-count=8"
    "memorysetup-bucket-allocator-block-size=33554432"
    "memorysetup-bucket-allocator-block-count=8"
    "memorysetup-main-allocator-block-size=16777216"
    "memorysetup-thread-allocator-block-size=16777216"
    "memorysetup-gfx-main-allocator-block-size=16777216"
    "memorysetup-gfx-thread-allocator-block-size=16777216"
    "memorysetup-cache-allocator-block-size=4194304"
    "memorysetup-typetree-allocator-block-size=2097152"
    "memorysetup-profiler-bucket-allocator-granularity=16"
    "memorysetup-profiler-bucket-allocator-bucket-count=8"
    "memorysetup-profiler-bucket-allocator-block-size=33554432"
    "memorysetup-profiler-bucket-allocator-block-count=8"
    "memorysetup-profiler-allocator-block-size=16777216"
    "memorysetup-profiler-editor-allocator-block-size=1048576"
    "memorysetup-temp-allocator-size-main=16777216"
    "memorysetup-job-temp-allocator-block-size=2097152"
    "memorysetup-job-temp-allocator-block-size-background=1048576"
    "memorysetup-job-temp-allocator-reduction-small-platforms=262144"
    "memorysetup-allocator-temp-initial-block-size-main=262144"
    "memorysetup-allocator-temp-initial-block-size-worker=262144"
    "memorysetup-temp-allocator-size-background-worker=32768"
    "memorysetup-temp-allocator-size-job-worker=262144"
    "memorysetup-temp-allocator-size-preload-manager=33554432"
    "memorysetup-temp-allocator-size-nav-mesh-worker=65536"
    "memorysetup-temp-allocator-size-audio-worker=65536"
    "memorysetup-temp-allocator-size-cloud-worker=32768"
    "memorysetup-temp-allocator-size-gi-baking-worker=262144"
    "memorysetup-temp-allocator-size-gfx=262144"
Player connection [48912] Host "[IP] 192.168.8.111 [Port] 0 [Flags] 2 [Guid] 3755678738 [EditorId] 3755678738 [Version] 1048832 [Id] WindowsEditor(7,EXITGAMES) [Debug] 1 [PackageName] WindowsEditor [ProjectName] Editor" joined multi-casting on [225.0.0.222:54997]...

Player connection [48912] Host "[IP] 192.168.8.111 [Port] 0 [Flags] 2 [Guid] 3755678738 [EditorId] 3755678738 [Version] 1048832 [Id] WindowsEditor(7,EXITGAMES) [Debug] 1 [PackageName] WindowsEditor [ProjectName] Editor" joined alternative multi-casting on [225.0.0.222:34997]...

[Physics::Module] Initialized MultithreadedJobDispatcher with 11 workers.
Refreshing native plugins compatible for Editor in 10.82 ms, found 4 plugins.
Preloading 0 native plugins for Editor in 0.00 ms.
Initialize engine version: 2022.3.12f1 (4fe6e059c7ef)
[Subsystems] Discovering subsystems at path C:/Program Files/Unity/Hub/Editor/2022.3.12f1-x86_64/Editor/Data/Resources/UnitySubsystems
[Subsystems] Discovering subsystems at path D:/Program Files/unity/Unity UI Toolkit/Assets
GfxDevice: creating device client; threaded=0; jobified=0
Direct3D:
    Version:  Direct3D 11.0 [level 11.1]
    Renderer: Intel(R) UHD Graphics 630 (ID=0x3e92)
    Vendor:   Intel
    VRAM:     8112 MB
    Driver:   31.0.101.2111
Initialize mono
Mono path[0] = 'C:/Program Files/Unity/Hub/Editor/2022.3.12f1-x86_64/Editor/Data/Managed'
Mono path[1] = 'C:/Program Files/Unity/Hub/Editor/2022.3.12f1-x86_64/Editor/Data/MonoBleedingEdge/lib/mono/unityjit-win32'
Mono config path = 'C:/Program Files/Unity/Hub/Editor/2022.3.12f1-x86_64/Editor/Data/MonoBleedingEdge/etc'
Using monoOptions --debugger-agent=transport=dt_socket,embedding=1,server=y,suspend=n,address=127.0.0.1:56984
Begin MonoManager ReloadAssembly
Registering precompiled unity dll's ...
Register platform support module: C:/Program Files/Unity/Hub/Editor/2022.3.12f1-x86_64/Editor/Data/PlaybackEngines/AndroidPlayer/UnityEditor.Android.Extensions.dll
Register platform support module: C:/Program Files/Unity/Hub/Editor/2022.3.12f1-x86_64/Editor/Data/PlaybackEngines/WindowsStandaloneSupport/UnityEditor.WindowsStandalone.Extensions.dll
Registered in 0.009541 seconds.
- Loaded All Assemblies, in  0.327 seconds
Native extension for WindowsStandalone target not found
Native extension for Android target not found
Android Extension - Scanning For ADB Devices 240 ms
Mono: successfully reloaded assembly
- Finished resetting the current domain, in  0.535 seconds
Domain Reload Profiling: 860ms
	BeginReloadAssembly (98ms)
		ExecutionOrderSort (0ms)
		DisableScriptedObjects (0ms)
		BackupInstance (0ms)
		ReleaseScriptingObjects (0ms)
		CreateAndSetChildDomain (1ms)
	RebuildCommonClasses (30ms)
	RebuildNativeTypeToScriptingClass (10ms)
	initialDomainReloadingComplete (55ms)
	LoadAllAssembliesAndSetupDomain (131ms)
		LoadAssemblies (97ms)
		RebuildTransferFunctionScriptingTraits (0ms)
		AnalyzeDomain (129ms)
			TypeCache.Refresh (128ms)
				TypeCache.ScanAssembly (116ms)
			ScanForSourceGeneratedMonoScriptInfo (0ms)
			ResolveRequiredComponents (0ms)
	FinalizeReload (535ms)
		ReleaseScriptCaches (0ms)
		RebuildScriptCaches (0ms)
		SetupLoadedEditorAssemblies (477ms)
			LogAssemblyErrors (0ms)
			InitializePlatformSupportModulesInManaged (339ms)
			SetLoadedEditorAssemblies (4ms)
			RefreshPlugins (0ms)
			BeforeProcessingInitializeOnLoad (2ms)
			ProcessInitializeOnLoadAttributes (89ms)
			ProcessInitializeOnLoadMethodAttributes (42ms)
			AfterProcessingInitializeOnLoad (0ms)
			EditorAssembliesLoaded (0ms)
		ExecutionOrderSort2 (0ms)
		AwakeInstancesAfterBackupRestoration (0ms)
========================================================================
Worker process is ready to serve import requests
Begin MonoManager ReloadAssembly
- Loaded All Assemblies, in  0.858 seconds
Refreshing native plugins compatible for Editor in 3.00 ms, found 4 plugins.
Native extension for WindowsStandalone target not found
Native extension for Android target not found
Package Manager log level set to [2]
[Package Manager] Server::EnsureServerProcessIsRunning -- launch failed, reason: Unity was launched with the -noUpm command-line argument
[Package Manager] UpmClient::Send -- Unable to send message (not connected to UPM process).
[Package Manager] Cannot connect to Unity Package Manager local server
Mono: successfully reloaded assembly
- Finished resetting the current domain, in  0.672 seconds
Domain Reload Profiling: 1527ms
	BeginReloadAssembly (177ms)
		ExecutionOrderSort (0ms)
		DisableScriptedObjects (6ms)
		BackupInstance (0ms)
		ReleaseScriptingObjects (0ms)
		CreateAndSetChildDomain (31ms)
	RebuildCommonClasses (48ms)
	RebuildNativeTypeToScriptingClass (13ms)
	initialDomainReloadingComplete (48ms)
	LoadAllAssembliesAndSetupDomain (568ms)
		LoadAssemblies (431ms)
		RebuildTransferFunctionScriptingTraits (0ms)
		AnalyzeDomain (242ms)
			TypeCache.Refresh (211ms)
				TypeCache.ScanAssembly (192ms)
			ScanForSourceGeneratedMonoScriptInfo (23ms)
			ResolveRequiredComponents (7ms)
	FinalizeReload (673ms)
		ReleaseScriptCaches (0ms)
		RebuildScriptCaches (0ms)
		SetupLoadedEditorAssemblies (516ms)
			LogAssemblyErrors (0ms)
			InitializePlatformSupportModulesInManaged (24ms)
			SetLoadedEditorAssemblies (4ms)
			RefreshPlugins (0ms)
			BeforeProcessingInitializeOnLoad (106ms)
			ProcessInitializeOnLoadAttributes (338ms)
			ProcessInitializeOnLoadMethodAttributes (36ms)
			AfterProcessingInitializeOnLoad (7ms)
			EditorAssembliesLoaded (0ms)
		ExecutionOrderSort2 (0ms)
		AwakeInstancesAfterBackupRestoration (6ms)
Launched and connected shader compiler UnityShaderCompiler.exe after 0.04 seconds
Refreshing native plugins compatible for Editor in 2.90 ms, found 4 plugins.
Preloading 0 native plugins for Editor in 0.00 ms.
Unloading 4187 Unused Serialized files (Serialized files now loaded: 0)
Unloading 88 unused Assets / (1.5 MB). Loaded Objects now: 4644.
Memory consumption went from 166.7 MB to 165.3 MB.
Total: 3.483200 ms (FindLiveObjects: 0.288800 ms CreateObjectMapping: 0.216100 ms MarkObjects: 2.629500 ms  DeleteObjects: 0.347800 ms)

AssetImportParameters requested are different than current active one (requested -> active):
  custom:container-demuxer-ogg: 62fdf1f143b41e24485cea50d1cbac27 -> 
  custom:video-decoder-ogg-theora: a1e56fd34408186e4bbccfd4996cb3dc -> 
  custom:framework-win-MediaFoundation: 216162199b28c13a410421893ffa2e32 -> 
  custom:CustomObjectIndexerAttribute: 756ad292c208cfabdd7b50bc23989ffe -> 
  custom:container-demuxer-webm: 4f35f7cbe854078d1ac9338744f61a02 -> 
  custom:container-muxer-webm: aa71ff27fc2769a1b78a27578f13a17b -> 
  custom:video-decoder-webm-vp8: 9c59270c3fd7afecdb556c50c9e8de78 -> 
  custom:scripting/monoscript/fileName/switch_scenes.cs: 6e8d60f50baa4e1a63983b0d275f9ff0 -> 
  custom:SearchIndexIgnoredProperties: e643bd26f0fe6173181afceb89e7c659 -> 
  custom:AudioImporter_EditorPlatform: d09bf68614088b80899f8185d706f6e7 -> 
  custom:video-encoder-webm-vp8: eb34c28f22e8b96e1ab97ce403110664 -> 
  custom:audio-decoder-ogg-vorbis: bf7c407c2cedff20999df2af8eb42d56 -> 
  custom:audio-encoder-webm-vorbis: bf7c407c2cedff20999df2af8eb42d56 -> 
========================================================================
Received Import Request.
  Time since last request: 2701071.477777 seconds.
  path: Assets/DOTween/Plugins/Demigiant/DemiLib/Core/Editor/Imgs/ico_alignB.png
  artifactKey: Guid(8b6b31f71cd528243b053cfc488e73f5) Importer(815301076,1909f56bfc062723c751e8b465ee728b)
Start importing Assets/DOTween/Plugins/Demigiant/DemiLib/Core/Editor/Imgs/ico_alignB.png using Guid(8b6b31f71cd528243b053cfc488e73f5) Importer(815301076,1909f56bfc062723c751e8b465ee728b)  -> (artifact id: '095c7c8a4e048435777f714f64a635d3') in 0.047806 seconds
Number of updated asset objects reloaded before import = 0
Number of asset objects unloaded after import = 2
========================================================================
Received Import Request.
  Time since last request: 0.563552 seconds.
  path: Assets/DOTween/Plugins/Demigiant/DemiLib/Core/Editor/Imgs/ico_alignT.png
  artifactKey: Guid(b4785ec6d937dab4fa59da70b69afc9d) Importer(815301076,1909f56bfc062723c751e8b465ee728b)
Start importing Assets/DOTween/Plugins/Demigiant/DemiLib/Core/Editor/Imgs/ico_alignT.png using Guid(b4785ec6d937dab4fa59da70b69afc9d) Importer(815301076,1909f56bfc062723c751e8b465ee728b)  -> (artifact id: '86e53816e98978b1b71286dd9820de1f') in 0.015599 seconds
Number of updated asset objects reloaded before import = 0
Number of asset objects unloaded after import = 2
========================================================================
Received Import Request.
  Time since last request: 0.024760 seconds.
  path: Assets/DOTween/Plugins/Demigiant/DemiLib/Core/Editor/Imgs/project/ico_audio.png
  artifactKey: Guid(e1af8927fb6f5634896d59aed409a589) Importer(815301076,1909f56bfc062723c751e8b465ee728b)
Start importing Assets/DOTween/Plugins/Demigiant/DemiLib/Core/Editor/Imgs/project/ico_audio.png using Guid(e1af8927fb6f5634896d59aed409a589) Importer(815301076,1909f56bfc062723c751e8b465ee728b)  -> (artifact id: '80d5bedca9ef60766e89f6f684c1853e') in 0.014918 seconds
Number of updated asset objects reloaded before import = 0
Number of asset objects unloaded after import = 2
========================================================================
Received Import Request.
  Time since last request: 0.358399 seconds.
  path: Assets/DOTween/Plugins/Demigiant/DemiLib/Core/Editor/Imgs/ico_cog_border.png
  artifactKey: Guid(6862027f2176eae40a3143c562466a1b) Importer(815301076,1909f56bfc062723c751e8b465ee728b)
Start importing Assets/DOTween/Plugins/Demigiant/DemiLib/Core/Editor/Imgs/ico_cog_border.png using Guid(6862027f2176eae40a3143c562466a1b) Importer(815301076,1909f56bfc062723c751e8b465ee728b)  -> (artifact id: '93f1aabd54a2121fbe730804a9778bf9') in 0.013656 seconds
Number of updated asset objects reloaded before import = 0
Number of asset objects unloaded after import = 2
========================================================================
Received Import Request.
  Time since last request: 0.015308 seconds.
  path: Assets/DOTween/Plugins/Demigiant/DemiLib/Core/Editor/Imgs/project/ico_cross.png
  artifactKey: Guid(3b67e53c8c2f8114b966c0e70d452419) Importer(815301076,1909f56bfc062723c751e8b465ee728b)
Start importing Assets/DOTween/Plugins/Demigiant/DemiLib/Core/Editor/Imgs/project/ico_cross.png using Guid(3b67e53c8c2f8114b966c0e70d452419) Importer(815301076,1909f56bfc062723c751e8b465ee728b)  -> (artifact id: 'af89a9b6db209254de9665e41ba09e94') in 0.013431 seconds
Number of updated asset objects reloaded before import = 0
Number of asset objects unloaded after import = 2
========================================================================
Received Import Request.
  Time since last request: 0.012521 seconds.
  path: Assets/DOTween/Plugins/Demigiant/DemiLib/Core/Editor/Imgs/project/ico_demigiant.png
  artifactKey: Guid(f36ab42cc6fcdfd4187033279d3d14a9) Importer(815301076,1909f56bfc062723c751e8b465ee728b)
Start importing Assets/DOTween/Plugins/Demigiant/DemiLib/Core/Editor/Imgs/project/ico_demigiant.png using Guid(f36ab42cc6fcdfd4187033279d3d14a9) Importer(815301076,1909f56bfc062723c751e8b465ee728b)  -> (artifact id: '61fed645c3e97e6d13909bb35d9b1b17') in 0.013502 seconds
Number of updated asset objects reloaded before import = 0
Number of asset objects unloaded after import = 2
========================================================================
Received Import Request.
  Time since last request: 0.221891 seconds.
  path: Assets/DOTween/Plugins/Demigiant/DemiLib/Core/Editor/Imgs/ico_lock.png
  artifactKey: Guid(e3d0592dad579e141924133869455c53) Importer(815301076,1909f56bfc062723c751e8b465ee728b)
Start importing Assets/DOTween/Plugins/Demigiant/DemiLib/Core/Editor/Imgs/ico_lock.png using Guid(e3d0592dad579e141924133869455c53) Importer(815301076,1909f56bfc062723c751e8b465ee728b)  -> (artifact id: '49a5709bfd2d3652a5c5c669214f028a') in 0.017752 seconds
Number of updated asset objects reloaded before import = 0
Number of asset objects unloaded after import = 2
========================================================================
Received Import Request.
  Time since last request: 12.105867 seconds.
  path: Assets/DOTween/Plugins/Demigiant/DemiLib/Core/Editor/Imgs/project/ico_models.png
  artifactKey: Guid(09a0cde07b4d75f49b4c817932791b81) Importer(815301076,1909f56bfc062723c751e8b465ee728b)
Start importing Assets/DOTween/Plugins/Demigiant/DemiLib/Core/Editor/Imgs/project/ico_models.png using Guid(09a0cde07b4d75f49b4c817932791b81) Importer(815301076,1909f56bfc062723c751e8b465ee728b)  -> (artifact id: 'c40d8a40df492558b4d420b16e341992') in 0.016252 seconds
Number of updated asset objects reloaded before import = 0
Number of asset objects unloaded after import = 2
========================================================================
Received Import Request.
  Time since last request: 0.010462 seconds.
  path: Assets/DOTween/Plugins/Demigiant/DemiLib/Core/Editor/Imgs/ico_optionsDropdown.png
  artifactKey: Guid(62a48d93e78c63b4ea9b46537c7c0091) Importer(815301076,1909f56bfc062723c751e8b465ee728b)
Start importing Assets/DOTween/Plugins/Demigiant/DemiLib/Core/Editor/Imgs/ico_optionsDropdown.png using Guid(62a48d93e78c63b4ea9b46537c7c0091) Importer(815301076,1909f56bfc062723c751e8b465ee728b)  -> (artifact id: '043390d2027b46fee33e9ae8e5a00aaf') in 0.013401 seconds
Number of updated asset objects reloaded before import = 0
Number of asset objects unloaded after import = 2
========================================================================
Received Import Request.
  Time since last request: 0.046407 seconds.
  path: Assets/DOTween/Plugins/Demigiant/DemiLib/Core/Editor/Imgs/project/ico_prefab.png
  artifactKey: Guid(ed3789262161efa4fa33c85ca534590e) Importer(815301076,1909f56bfc062723c751e8b465ee728b)
Start importing Assets/DOTween/Plugins/Demigiant/DemiLib/Core/Editor/Imgs/project/ico_prefab.png using Guid(ed3789262161efa4fa33c85ca534590e) Importer(815301076,1909f56bfc062723c751e8b465ee728b)  -> (artifact id: '6b707d1786fa51ed781159f84690b8ed') in 0.019123 seconds
Number of updated asset objects reloaded before import = 0
Number of asset objects unloaded after import = 2
========================================================================
Received Import Request.
  Time since last request: 0.351710 seconds.
  path: Assets/DOTween/Plugins/Demigiant/DemiLib/Core/Editor/Imgs/ico_star_border.png
  artifactKey: Guid(18f3a26aa87fccc4cb5e211d4c6de662) Importer(815301076,1909f56bfc062723c751e8b465ee728b)
Start importing Assets/DOTween/Plugins/Demigiant/DemiLib/Core/Editor/Imgs/ico_star_border.png using Guid(18f3a26aa87fccc4cb5e211d4c6de662) Importer(815301076,1909f56bfc062723c751e8b465ee728b)  -> (artifact id: '90b06b2915b7b7f5f05b30270046e294') in 0.013206 seconds
Number of updated asset objects reloaded before import = 0
Number of asset objects unloaded after import = 2
========================================================================
Received Import Request.
  Time since last request: 0.022072 seconds.
  path: Assets/DOTween/Plugins/Demigiant/DemiLib/Core/Editor/Imgs/ico_visibility.png
  artifactKey: Guid(55c2b426022dac44f9b25f0cba28aa45) Importer(815301076,1909f56bfc062723c751e8b465ee728b)
Start importing Assets/DOTween/Plugins/Demigiant/DemiLib/Core/Editor/Imgs/ico_visibility.png using Guid(55c2b426022dac44f9b25f0cba28aa45) Importer(815301076,1909f56bfc062723c751e8b465ee728b)  -> (artifact id: 'cbcb43356c54ff8b86a5dce55a2b281a') in 0.017444 seconds
Number of updated asset objects reloaded before import = 0
Number of asset objects unloaded after import = 2
========================================================================
Received Import Request.
  Time since last request: 0.076730 seconds.
  path: Assets/ART/mobile_cartoon_GUI/GUI Elements/Icons/icon_balloon.png
  artifactKey: Guid(aba578b8d0999904d909e8aca956fb2f) Importer(815301076,1909f56bfc062723c751e8b465ee728b)
Start importing Assets/ART/mobile_cartoon_GUI/GUI Elements/Icons/icon_balloon.png using Guid(aba578b8d0999904d909e8aca956fb2f) Importer(815301076,1909f56bfc062723c751e8b465ee728b)  -> (artifact id: 'b2f175ea8e28ec9e09b73a82c571fb17') in 0.043603 seconds
Number of updated asset objects reloaded before import = 0
Number of asset objects unloaded after import = 3
========================================================================
Received Import Request.
  Time since last request: 0.006510 seconds.
  path: Assets/ART/mobile_cartoon_GUI/GUI Elements/Icons/icon_cherries.png
  artifactKey: Guid(65df13acd5ced294ba181461f2871ff7) Importer(815301076,1909f56bfc062723c751e8b465ee728b)
Start importing Assets/ART/mobile_cartoon_GUI/GUI Elements/Icons/icon_cherries.png using Guid(65df13acd5ced294ba181461f2871ff7) Importer(815301076,1909f56bfc062723c751e8b465ee728b)  -> (artifact id: 'e7b126f13352f91c670b73a6282751e1') in 0.020384 seconds
Number of updated asset objects reloaded before import = 0
Number of asset objects unloaded after import = 3
========================================================================
Received Import Request.
  Time since last request: 0.302423 seconds.
  path: Assets/ART/mobile_cartoon_GUI/GUI Elements/Icons/icon_diamond.png
  artifactKey: Guid(2fc5c74761d13b5459b321fc1b86c6ac) Importer(815301076,1909f56bfc062723c751e8b465ee728b)
Start importing Assets/ART/mobile_cartoon_GUI/GUI Elements/Icons/icon_diamond.png using Guid(2fc5c74761d13b5459b321fc1b86c6ac) Importer(815301076,1909f56bfc062723c751e8b465ee728b)  -> (artifact id: '66c93eadb3c0e1f9a6ad1eb77e765334') in 0.017119 seconds
Number of updated asset objects reloaded before import = 0
Number of asset objects unloaded after import = 3
========================================================================
Received Import Request.
  Time since last request: 0.000016 seconds.
  path: Assets/ART/mobile_cartoon_GUI/GUI Elements/Icons/icon_heart.png
  artifactKey: Guid(1b070a9071c40114c83964d47755c2c0) Importer(815301076,1909f56bfc062723c751e8b465ee728b)
Start importing Assets/ART/mobile_cartoon_GUI/GUI Elements/Icons/icon_heart.png using Guid(1b070a9071c40114c83964d47755c2c0) Importer(815301076,1909f56bfc062723c751e8b465ee728b)  -> (artifact id: 'b524ce83c208b7afd8ece2bc6cecc4e0') in 0.021999 seconds
Number of updated asset objects reloaded before import = 0
Number of asset objects unloaded after import = 3
========================================================================
Received Import Request.
  Time since last request: 0.086862 seconds.
  path: Assets/ART/mobile_cartoon_GUI/GUI Elements/Icons/icon_star.png
  artifactKey: Guid(c2feaa3a1e949f0419c7903412236463) Importer(815301076,1909f56bfc062723c751e8b465ee728b)
Start importing Assets/ART/mobile_cartoon_GUI/GUI Elements/Icons/icon_star.png using Guid(c2feaa3a1e949f0419c7903412236463) Importer(815301076,1909f56bfc062723c751e8b465ee728b)  -> (artifact id: 'a502ee85cb5e588899095d43edc94608') in 0.021206 seconds
Number of updated asset objects reloaded before import = 0
Number of asset objects unloaded after import = 3
========================================================================
Received Import Request.
  Time since last request: 0.517809 seconds.
  path: Assets/ART/mobile_cartoon_GUI/GUI Elements/Lvl/lvl_lock_block_hover.png
  artifactKey: Guid(24706e29727d82541b061f4904fc8722) Importer(815301076,1909f56bfc062723c751e8b465ee728b)
Start importing Assets/ART/mobile_cartoon_GUI/GUI Elements/Lvl/lvl_lock_block_hover.png using Guid(24706e29727d82541b061f4904fc8722) Importer(815301076,1909f56bfc062723c751e8b465ee728b)  -> (artifact id: '9c9ab17dd5b5ea48d425ab711af92368') in 0.013930 seconds
Number of updated asset objects reloaded before import = 0
Number of asset objects unloaded after import = 3
========================================================================
Received Import Request.
  Time since last request: 0.101596 seconds.
  path: Assets/ART/mobile_cartoon_GUI/GUI Elements/Lvl/lvl_star_single_right.png
  artifactKey: Guid(60a46862b9a4c7b4ebba4dc387fff7da) Importer(815301076,1909f56bfc062723c751e8b465ee728b)
Start importing Assets/ART/mobile_cartoon_GUI/GUI Elements/Lvl/lvl_star_single_right.png using Guid(60a46862b9a4c7b4ebba4dc387fff7da) Importer(815301076,1909f56bfc062723c751e8b465ee728b)  -> (artifact id: '027f26988a0b5022615d019d789cdeb6') in 0.013741 seconds
Number of updated asset objects reloaded before import = 0
Number of asset objects unloaded after import = 3
========================================================================
Received Import Request.
  Time since last request: 0.009524 seconds.
  path: Assets/ART/mobile_cartoon_GUI/GUI Elements/Panels/panel_start.png
  artifactKey: Guid(1d445f0c2c13e5e4ca1dcfb7ea05f99e) Importer(815301076,1909f56bfc062723c751e8b465ee728b)
Start importing Assets/ART/mobile_cartoon_GUI/GUI Elements/Panels/panel_start.png using Guid(1d445f0c2c13e5e4ca1dcfb7ea05f99e) Importer(815301076,1909f56bfc062723c751e8b465ee728b)  -> (artifact id: 'b0249d71a2b29310a1f5147b29d8d6c6') in 0.042911 seconds
Number of updated asset objects reloaded before import = 0
Number of asset objects unloaded after import = 3
========================================================================
Received Import Request.
  Time since last request: 0.004995 seconds.
  path: Assets/DOTween/Plugins/Demigiant/DemiLib/Core/Editor/Imgs/purpleSquare.png
  artifactKey: Guid(dc0ca9b32ae9fd049911671cf1a480bf) Importer(815301076,1909f56bfc062723c751e8b465ee728b)
Start importing Assets/DOTween/Plugins/Demigiant/DemiLib/Core/Editor/Imgs/purpleSquare.png using Guid(dc0ca9b32ae9fd049911671cf1a480bf) Importer(815301076,1909f56bfc062723c751e8b465ee728b)  -> (artifact id: '40318732028fce8419b3caae5e00e1cc') in 0.013980 seconds
Number of updated asset objects reloaded before import = 0
Number of asset objects unloaded after import = 2
========================================================================
Received Import Request.
  Time since last request: 0.009760 seconds.
  path: Assets/ART/mobile_cartoon_GUI/GUI Elements/Rewards/reward_slot_info.png
  artifactKey: Guid(4b81988b54ef5c24d9896a4bb981be8a) Importer(815301076,1909f56bfc062723c751e8b465ee728b)
Start importing Assets/ART/mobile_cartoon_GUI/GUI Elements/Rewards/reward_slot_info.png using Guid(4b81988b54ef5c24d9896a4bb981be8a) Importer(815301076,1909f56bfc062723c751e8b465ee728b)  -> (artifact id: '2b86f054c193631e571f9bfffb0120cf') in 0.012202 seconds
Number of updated asset objects reloaded before import = 0
Number of asset objects unloaded after import = 3
========================================================================
Received Import Request.
  Time since last request: 19.522650 seconds.
  path: Assets/ART/mobile_cartoon_GUI/GUI Elements/Rewards/reward_stars_2.png
  artifactKey: Guid(eaa141f45a62fa848aa62abe21ff5cef) Importer(815301076,1909f56bfc062723c751e8b465ee728b)
Start importing Assets/ART/mobile_cartoon_GUI/GUI Elements/Rewards/reward_stars_2.png using Guid(eaa141f45a62fa848aa62abe21ff5cef) Importer(815301076,1909f56bfc062723c751e8b465ee728b)  -> (artifact id: 'af47ece7e6bab15970ccfecea5f8d275') in 0.020253 seconds
Number of updated asset objects reloaded before import = 0
Number of asset objects unloaded after import = 3
========================================================================
Received Import Request.
  Time since last request: 0.010648 seconds.
  path: Assets/ART/mobile_cartoon_GUI/GUI Elements/Rewards/reward_stars_empty.png
  artifactKey: Guid(37f07fbaf7f9add4c94fe0ba1ff5db43) Importer(815301076,1909f56bfc062723c751e8b465ee728b)
Start importing Assets/ART/mobile_cartoon_GUI/GUI Elements/Rewards/reward_stars_empty.png using Guid(37f07fbaf7f9add4c94fe0ba1ff5db43) Importer(815301076,1909f56bfc062723c751e8b465ee728b)  -> (artifact id: '71c7853e88302d937ce875905588329f') in 0.026800 seconds
Number of updated asset objects reloaded before import = 0
Number of asset objects unloaded after import = 3
========================================================================
Received Import Request.
  Time since last request: 0.099311 seconds.
  path: Assets/ART/mobile_cartoon_GUI/psd files/preview/_all_slices/settings_checkbox.png
  artifactKey: Guid(91d326790dfa41d48b9904b67cedf60c) Importer(815301076,1909f56bfc062723c751e8b465ee728b)
Start importing Assets/ART/mobile_cartoon_GUI/psd files/preview/_all_slices/settings_checkbox.png using Guid(91d326790dfa41d48b9904b67cedf60c) Importer(815301076,1909f56bfc062723c751e8b465ee728b)  -> (artifact id: '340760bb68bc21bbe80ab7998e4d6877') in 0.012227 seconds
Number of updated asset objects reloaded before import = 0
Number of asset objects unloaded after import = 3
========================================================================
Received Import Request.
  Time since last request: 0.007146 seconds.
  path: Assets/ART/mobile_cartoon_GUI/psd files/preview/_all_slices/slider.png
  artifactKey: Guid(012a4f7edf86bb5468e5ce4d32647015) Importer(815301076,1909f56bfc062723c751e8b465ee728b)
Start importing Assets/ART/mobile_cartoon_GUI/psd files/preview/_all_slices/slider.png using Guid(012a4f7edf86bb5468e5ce4d32647015) Importer(815301076,1909f56bfc062723c751e8b465ee728b)  -> (artifact id: '22853db736eb24fb9e9d20145cffc459') in 0.016561 seconds
Number of updated asset objects reloaded before import = 0
Number of asset objects unloaded after import = 3
========================================================================
Received Import Request.
  Time since last request: 0.660722 seconds.
  path: Assets/ART/mobile_cartoon_GUI/psd files/preview/_all_slices/start_top_logo_sample.png
  artifactKey: Guid(892385e1a5e2b634799cd448f2fde48e) Importer(815301076,1909f56bfc062723c751e8b465ee728b)
Start importing Assets/ART/mobile_cartoon_GUI/psd files/preview/_all_slices/start_top_logo_sample.png using Guid(892385e1a5e2b634799cd448f2fde48e) Importer(815301076,1909f56bfc062723c751e8b465ee728b)  -> (artifact id: '5fe5833477c5cbbddf9da5b366f89318') in 0.023168 seconds
Number of updated asset objects reloaded before import = 0
Number of asset objects unloaded after import = 3
========================================================================
Received Import Request.
  Time since last request: 0.056756 seconds.
  path: Assets/ART/mobile_cartoon_GUI/psd files/preview/_all_slices/text_background_big.png
  artifactKey: Guid(0a4b679624b9bdd4eab09185f61b5f43) Importer(815301076,1909f56bfc062723c751e8b465ee728b)
Start importing Assets/ART/mobile_cartoon_GUI/psd files/preview/_all_slices/text_background_big.png using Guid(0a4b679624b9bdd4eab09185f61b5f43) Importer(815301076,1909f56bfc062723c751e8b465ee728b)  -> (artifact id: '70c23de86c28b0b24390a90807df8661') in 0.033425 seconds
Number of updated asset objects reloaded before import = 0
Number of asset objects unloaded after import = 3
========================================================================
Received Import Request.
  Time since last request: 1107.507000 seconds.
  path: Assets/DOTween/Plugins/Demigiant/DemiLib/Core/Editor/Imgs/squareBorderAlpha15.png
  artifactKey: Guid(dfd33662d9f6f3849bd92f6e159ca226) Importer(815301076,1909f56bfc062723c751e8b465ee728b)
Start importing Assets/DOTween/Plugins/Demigiant/DemiLib/Core/Editor/Imgs/squareBorderAlpha15.png using Guid(dfd33662d9f6f3849bd92f6e159ca226) Importer(815301076,1909f56bfc062723c751e8b465ee728b)  -> (artifact id: '7a53d912d8680c833ee96a9dedac8d36') in 0.015320 seconds
Number of updated asset objects reloaded before import = 0
Number of asset objects unloaded after import = 2
========================================================================
Received Import Request.
  Time since last request: 0.010181 seconds.
  path: Assets/DOTween/Plugins/Demigiant/DemiLib/Core/Editor/Imgs/squareBorderCurved02.png
  artifactKey: Guid(ff88be84254fb1f4b9a81a27ae0b2e81) Importer(815301076,1909f56bfc062723c751e8b465ee728b)
Start importing Assets/DOTween/Plugins/Demigiant/DemiLib/Core/Editor/Imgs/squareBorderCurved02.png using Guid(ff88be84254fb1f4b9a81a27ae0b2e81) Importer(815301076,1909f56bfc062723c751e8b465ee728b)  -> (artifact id: '4473bf8a9c5292e88baf031a3f3b2211') in 0.013410 seconds
Number of updated asset objects reloaded before import = 0
Number of asset objects unloaded after import = 2
========================================================================
Received Import Request.
  Time since last request: 0.012799 seconds.
  path: Assets/DOTween/Plugins/Demigiant/DemiLib/Core/Editor/Imgs/squareBorderCurved_darkBorders.png
  artifactKey: Guid(25da15ac84743244ab4c860cf8798ec8) Importer(815301076,1909f56bfc062723c751e8b465ee728b)
Start importing Assets/DOTween/Plugins/Demigiant/DemiLib/Core/Editor/Imgs/squareBorderCurved_darkBorders.png using Guid(25da15ac84743244ab4c860cf8798ec8) Importer(815301076,1909f56bfc062723c751e8b465ee728b)  -> (artifact id: '261d21a70209630b2bef4de9d4942c1b') in 0.013863 seconds
Number of updated asset objects reloaded before import = 0
Number of asset objects unloaded after import = 2
========================================================================
Received Import Request.
  Time since last request: 0.027916 seconds.
  path: Assets/DOTween/Plugins/Demigiant/DemiLib/Core/Editor/Imgs/squareBorderCurvedEmpty.png
  artifactKey: Guid(4578222ee7a511446b0c340551bf8740) Importer(815301076,1909f56bfc062723c751e8b465ee728b)
Start importing Assets/DOTween/Plugins/Demigiant/DemiLib/Core/Editor/Imgs/squareBorderCurvedEmpty.png using Guid(4578222ee7a511446b0c340551bf8740) Importer(815301076,1909f56bfc062723c751e8b465ee728b)  -> (artifact id: 'bdd98eba42cc87cdeb3842af7c485c21') in 0.013586 seconds
Number of updated asset objects reloaded before import = 0
Number of asset objects unloaded after import = 2
========================================================================
Received Import Request.
  Time since last request: 0.718322 seconds.
  path: Assets/DOTween/Plugins/Demigiant/DemiLib/Core/Editor/Imgs/squareBorderEmpty.png
  artifactKey: Guid(8db54efcce998554c86b796b37a7cdfa) Importer(815301076,1909f56bfc062723c751e8b465ee728b)
Start importing Assets/DOTween/Plugins/Demigiant/DemiLib/Core/Editor/Imgs/squareBorderEmpty.png using Guid(8db54efcce998554c86b796b37a7cdfa) Importer(815301076,1909f56bfc062723c751e8b465ee728b)  -> (artifact id: '674ff67d881517136162f8b4f7c94741') in 0.013319 seconds
Number of updated asset objects reloaded before import = 0
Number of asset objects unloaded after import = 2
========================================================================
Received Import Request.
  Time since last request: 0.105212 seconds.
  path: Assets/DOTween/Plugins/Demigiant/DemiLib/Core/Editor/Imgs/squareCornersEmpty02.png
  artifactKey: Guid(ca2f91cc405eb144dad970eb23db2f72) Importer(815301076,1909f56bfc062723c751e8b465ee728b)
Start importing Assets/DOTween/Plugins/Demigiant/DemiLib/Core/Editor/Imgs/squareCornersEmpty02.png using Guid(ca2f91cc405eb144dad970eb23db2f72) Importer(815301076,1909f56bfc062723c751e8b465ee728b)  -> (artifact id: 'd043d72170b18b567a6df15366a8e34a') in 0.017653 seconds
Number of updated asset objects reloaded before import = 0
Number of asset objects unloaded after import = 2
========================================================================
Received Import Request.
  Time since last request: 376.531403 seconds.
  path: Assets/DOTween/Plugins/Demigiant/DemiLib/Core/Editor/Imgs/tileBars_slanted_alpha.png
  artifactKey: Guid(018a5623a46db1d49b1e6ff2482b07ab) Importer(815301076,1909f56bfc062723c751e8b465ee728b)
Start importing Assets/DOTween/Plugins/Demigiant/DemiLib/Core/Editor/Imgs/tileBars_slanted_alpha.png using Guid(018a5623a46db1d49b1e6ff2482b07ab) Importer(815301076,1909f56bfc062723c751e8b465ee728b)  -> (artifact id: 'c8515173eeba6a4c00fd77482365d4e0') in 0.013008 seconds
Number of updated asset objects reloaded before import = 0
Number of asset objects unloaded after import = 2
========================================================================
Received Import Request.
  Time since last request: 0.000018 seconds.
  path: Assets/DOTween/Plugins/Demigiant/DemiLib/Core/Editor/Imgs/whiteDot.png
  artifactKey: Guid(ed7cb8f9a27664e48896c904189f0e2c) Importer(815301076,1909f56bfc062723c751e8b465ee728b)
Start importing Assets/DOTween/Plugins/Demigiant/DemiLib/Core/Editor/Imgs/whiteDot.png using Guid(ed7cb8f9a27664e48896c904189f0e2c) Importer(815301076,1909f56bfc062723c751e8b465ee728b)  -> (artifact id: '78fe1981a314f2f66af9a5705bac2b67') in 0.014160 seconds
Number of updated asset objects reloaded before import = 0
Number of asset objects unloaded after import = 2
========================================================================
Received Import Request.
  Time since last request: 0.000070 seconds.
  path: Assets/DOTween/Plugins/Demigiant/DemiLib/Core/Editor/Imgs/whiteDot_whiteBorderAlpha.png
  artifactKey: Guid(039dc89c76661c344b7776f8a47cc5a4) Importer(815301076,1909f56bfc062723c751e8b465ee728b)
Start importing Assets/DOTween/Plugins/Demigiant/DemiLib/Core/Editor/Imgs/whiteDot_whiteBorderAlpha.png using Guid(039dc89c76661c344b7776f8a47cc5a4) Importer(815301076,1909f56bfc062723c751e8b465ee728b)  -> (artifact id: '8b9656cb1601bd79473753d14db246e8') in 0.014116 seconds
Number of updated asset objects reloaded before import = 0
Number of asset objects unloaded after import = 2
========================================================================
Received Import Request.
  Time since last request: 0.000017 seconds.
  path: Assets/DOTween/Plugins/Demigiant/DemiLib/Core/Editor/Imgs/whiteSquare_fadeOut_bt.png
  artifactKey: Guid(a40dc0d6372a9084fb45976308087290) Importer(815301076,1909f56bfc062723c751e8b465ee728b)
Start importing Assets/DOTween/Plugins/Demigiant/DemiLib/Core/Editor/Imgs/whiteSquare_fadeOut_bt.png using Guid(a40dc0d6372a9084fb45976308087290) Importer(815301076,1909f56bfc062723c751e8b465ee728b)  -> (artifact id: 'bbaadb7826423dfe8e0d08afaa7e0172') in 0.011474 seconds
Number of updated asset objects reloaded before import = 0
Number of asset objects unloaded after import = 2
========================================================================
Received Import Request.
  Time since last request: 0.000082 seconds.
  path: Assets/DOTween/Plugins/Demigiant/DemiLib/Core/Editor/Imgs/whiteSquareAlpha15.png
  artifactKey: Guid(5510cdd48a6aaaa439c95ef5b2fe9e28) Importer(815301076,1909f56bfc062723c751e8b465ee728b)
Start importing Assets/DOTween/Plugins/Demigiant/DemiLib/Core/Editor/Imgs/whiteSquareAlpha15.png using Guid(5510cdd48a6aaaa439c95ef5b2fe9e28) Importer(815301076,1909f56bfc062723c751e8b465ee728b)  -> (artifact id: 'ea9ada038520f7c300b21ca13456ae8a') in 0.010795 seconds
Number of updated asset objects reloaded before import = 0
Number of asset objects unloaded after import = 2
========================================================================
Received Import Request.
  Time since last request: 0.013344 seconds.
  path: Assets/DOTween/Plugins/Demigiant/DemiLib/Core/Editor/Imgs/whiteSquareAlpha50.png
  artifactKey: Guid(ef40b00a83f7bd34f84851386b3321f0) Importer(815301076,1909f56bfc062723c751e8b465ee728b)
Start importing Assets/DOTween/Plugins/Demigiant/DemiLib/Core/Editor/Imgs/whiteSquareAlpha50.png using Guid(ef40b00a83f7bd34f84851386b3321f0) Importer(815301076,1909f56bfc062723c751e8b465ee728b)  -> (artifact id: 'ec873c753939f7abf553210af96dc693') in 0.012260 seconds
Number of updated asset objects reloaded before import = 0
Number of asset objects unloaded after import = 2
========================================================================
Received Prepare
Begin MonoManager ReloadAssembly
- Loaded All Assemblies, in  1.270 seconds
Refreshing native plugins compatible for Editor in 4.04 ms, found 4 plugins.
Native extension for WindowsStandalone target not found
Native extension for Android target not found
[Package Manager] Server::EnsureServerProcessIsRunning -- launch failed, reason: Unity was launched with the -noUpm command-line argument
[Package Manager] UpmClient::Send -- Unable to send message (not connected to UPM process).
[Package Manager] Cannot connect to Unity Package Manager local server
Mono: successfully reloaded assembly
- Finished resetting the current domain, in  1.960 seconds
Domain Reload Profiling: 3226ms
	BeginReloadAssembly (332ms)
		ExecutionOrderSort (0ms)
		DisableScriptedObjects (32ms)
		BackupInstance (0ms)
		ReleaseScriptingObjects (0ms)
		CreateAndSetChildDomain (111ms)
	RebuildCommonClasses (41ms)
	RebuildNativeTypeToScriptingClass (14ms)
	initialDomainReloadingComplete (40ms)
	LoadAllAssembliesAndSetupDomain (836ms)
		LoadAssemblies (909ms)
		RebuildTransferFunctionScriptingTraits (0ms)
		AnalyzeDomain (64ms)
			TypeCache.Refresh (32ms)
				TypeCache.ScanAssembly (2ms)
			ScanForSourceGeneratedMonoScriptInfo (20ms)
			ResolveRequiredComponents (12ms)
	FinalizeReload (1961ms)
		ReleaseScriptCaches (0ms)
		RebuildScriptCaches (0ms)
		SetupLoadedEditorAssemblies (1045ms)
			LogAssemblyErrors (0ms)
			InitializePlatformSupportModulesInManaged (48ms)
			SetLoadedEditorAssemblies (8ms)
			RefreshPlugins (0ms)
			BeforeProcessingInitializeOnLoad (167ms)
			ProcessInitializeOnLoadAttributes (731ms)
			ProcessInitializeOnLoadMethodAttributes (79ms)
			AfterProcessingInitializeOnLoad (11ms)
			EditorAssembliesLoaded (1ms)
		ExecutionOrderSort2 (0ms)
		AwakeInstancesAfterBackupRestoration (32ms)
Refreshing native plugins compatible for Editor in 3.98 ms, found 4 plugins.
Preloading 0 native plugins for Editor in 0.00 ms.
Unloading 4141 Unused Serialized files (Serialized files now loaded: 0)
Unloading 60 unused Assets / (1.4 MB). Loaded Objects now: 4681.
Memory consumption went from 157.0 MB to 155.6 MB.
Total: 7.469000 ms (FindLiveObjects: 0.434600 ms CreateObjectMapping: 0.729200 ms MarkObjects: 4.684300 ms  DeleteObjects: 1.619100 ms)

Prepare: number of updated asset objects reloaded= 0
AssetImportParameters requested are different than current active one (requested -> active):
  custom:container-demuxer-ogg: 62fdf1f143b41e24485cea50d1cbac27 -> 
  custom:video-decoder-ogg-theora: a1e56fd34408186e4bbccfd4996cb3dc -> 
  custom:framework-win-MediaFoundation: 216162199b28c13a410421893ffa2e32 -> 
  custom:CustomObjectIndexerAttribute: 756ad292c208cfabdd7b50bc23989ffe -> 
  custom:container-demuxer-webm: 4f35f7cbe854078d1ac9338744f61a02 -> 
  custom:container-muxer-webm: aa71ff27fc2769a1b78a27578f13a17b -> 
  custom:video-decoder-webm-vp8: 9c59270c3fd7afecdb556c50c9e8de78 -> 
  custom:scripting/monoscript/fileName/switch_scenes.cs: 6e8d60f50baa4e1a63983b0d275f9ff0 -> 
  custom:SearchIndexIgnoredProperties: e643bd26f0fe6173181afceb89e7c659 -> 
  custom:AudioImporter_EditorPlatform: d09bf68614088b80899f8185d706f6e7 -> 
  custom:video-encoder-webm-vp8: eb34c28f22e8b96e1ab97ce403110664 -> 
  custom:audio-decoder-ogg-vorbis: bf7c407c2cedff20999df2af8eb42d56 -> 
  custom:audio-encoder-webm-vorbis: bf7c407c2cedff20999df2af8eb42d56 -> 
========================================================================
Received Import Request.
  Time since last request: 2116.853283 seconds.
  path: Assets/UI/Script/CostumSlider.cs
  artifactKey: Guid(d9bfb1a185795ec4a9db3eaeb1858ce0) Importer(815301076,1909f56bfc062723c751e8b465ee728b)
Start importing Assets/UI/Script/CostumSlider.cs using Guid(d9bfb1a185795ec4a9db3eaeb1858ce0) Importer(815301076,1909f56bfc062723c751e8b465ee728b)  -> (artifact id: '00000000000000000000000000000000') in 0.002585 seconds
Import Error Code:(4)
Message: Build asset version error: assets/ui/script/costumslider.cs in SourceAssetDB has modification time of '2023-12-01T09:34:45.6718936Z' while content on disk has modification time of '2023-12-01T09:34:57.9228619Z'
  ERROR: Build asset version error: assets/ui/script/costumslider.cs in SourceAssetDB has modification time of '2023-12-01T09:34:45.6718936Z' while content on disk has modification time of '2023-12-01T09:34:57.9228619Z'
Number of updated asset objects reloaded before import = 0
Number of asset objects unloaded after import = 0
========================================================================
Received Prepare
Begin MonoManager ReloadAssembly
- Loaded All Assemblies, in  0.594 seconds
Refreshing native plugins compatible for Editor in 3.82 ms, found 4 plugins.
Native extension for WindowsStandalone target not found
Native extension for Android target not found
[Package Manager] Server::EnsureServerProcessIsRunning -- launch failed, reason: Unity was launched with the -noUpm command-line argument
[Package Manager] UpmClient::Send -- Unable to send message (not connected to UPM process).
[Package Manager] Cannot connect to Unity Package Manager local server
Mono: successfully reloaded assembly
- Finished resetting the current domain, in  1.106 seconds
Domain Reload Profiling: 1699ms
	BeginReloadAssembly (151ms)
		ExecutionOrderSort (0ms)
		DisableScriptedObjects (12ms)
		BackupInstance (0ms)
		ReleaseScriptingObjects (0ms)
		CreateAndSetChildDomain (34ms)
	RebuildCommonClasses (36ms)
	RebuildNativeTypeToScriptingClass (12ms)
	initialDomainReloadingComplete (33ms)
	LoadAllAssembliesAndSetupDomain (358ms)
		LoadAssemblies (396ms)
		RebuildTransferFunctionScriptingTraits (0ms)
		AnalyzeDomain (39ms)
			TypeCache.Refresh (16ms)
				TypeCache.ScanAssembly (1ms)
			ScanForSourceGeneratedMonoScriptInfo (15ms)
			ResolveRequiredComponents (8ms)
	FinalizeReload (1108ms)
		ReleaseScriptCaches (0ms)
		RebuildScriptCaches (0ms)
		SetupLoadedEditorAssemblies (561ms)
			LogAssemblyErrors (0ms)
			InitializePlatformSupportModulesInManaged (35ms)
			SetLoadedEditorAssemblies (6ms)
			RefreshPlugins (0ms)
			BeforeProcessingInitializeOnLoad (124ms)
			ProcessInitializeOnLoadAttributes (340ms)
			ProcessInitializeOnLoadMethodAttributes (47ms)
			AfterProcessingInitializeOnLoad (10ms)
			EditorAssembliesLoaded (0ms)
		ExecutionOrderSort2 (0ms)
		AwakeInstancesAfterBackupRestoration (18ms)
Refreshing native plugins compatible for Editor in 3.70 ms, found 4 plugins.
Preloading 0 native plugins for Editor in 0.00 ms.
Unloading 4141 Unused Serialized files (Serialized files now loaded: 0)
Unloading 60 unused Assets / (1.4 MB). Loaded Objects now: 4685.
Memory consumption went from 159.0 MB to 157.6 MB.
Total: 5.014400 ms (FindLiveObjects: 0.471100 ms CreateObjectMapping: 0.358500 ms MarkObjects: 3.501800 ms  DeleteObjects: 0.680000 ms)

Prepare: number of updated asset objects reloaded= 0
AssetImportParameters requested are different than current active one (requested -> active):
  custom:container-demuxer-ogg: 62fdf1f143b41e24485cea50d1cbac27 -> 
  custom:video-decoder-ogg-theora: a1e56fd34408186e4bbccfd4996cb3dc -> 
  custom:framework-win-MediaFoundation: 216162199b28c13a410421893ffa2e32 -> 
  custom:CustomObjectIndexerAttribute: 756ad292c208cfabdd7b50bc23989ffe -> 
  custom:container-demuxer-webm: 4f35f7cbe854078d1ac9338744f61a02 -> 
  custom:container-muxer-webm: aa71ff27fc2769a1b78a27578f13a17b -> 
  custom:video-decoder-webm-vp8: 9c59270c3fd7afecdb556c50c9e8de78 -> 
  custom:scripting/monoscript/fileName/switch_scenes.cs: 6e8d60f50baa4e1a63983b0d275f9ff0 -> 
  custom:SearchIndexIgnoredProperties: e643bd26f0fe6173181afceb89e7c659 -> 
  custom:AudioImporter_EditorPlatform: d09bf68614088b80899f8185d706f6e7 -> 
  custom:video-encoder-webm-vp8: eb34c28f22e8b96e1ab97ce403110664 -> 
  custom:audio-decoder-ogg-vorbis: bf7c407c2cedff20999df2af8eb42d56 -> 
  custom:audio-encoder-webm-vorbis: bf7c407c2cedff20999df2af8eb42d56 -> 
========================================================================
Received Prepare
Begin MonoManager ReloadAssembly
- Loaded All Assemblies, in  0.540 seconds
Refreshing native plugins compatible for Editor in 3.17 ms, found 4 plugins.
Native extension for WindowsStandalone target not found
Native extension for Android target not found
[Package Manager] Server::EnsureServerProcessIsRunning -- launch failed, reason: Unity was launched with the -noUpm command-line argument
[Package Manager] UpmClient::Send -- Unable to send message (not connected to UPM process).
[Package Manager] Cannot connect to Unity Package Manager local server
Mono: successfully reloaded assembly
- Finished resetting the current domain, in  0.916 seconds
Domain Reload Profiling: 1454ms
	BeginReloadAssembly (165ms)
		ExecutionOrderSort (0ms)
		DisableScriptedObjects (12ms)
		BackupInstance (0ms)
		ReleaseScriptingObjects (0ms)
		CreateAndSetChildDomain (35ms)
	RebuildCommonClasses (31ms)
	RebuildNativeTypeToScriptingClass (11ms)
	initialDomainReloadingComplete (29ms)
	LoadAllAssembliesAndSetupDomain (302ms)
		LoadAssemblies (368ms)
		RebuildTransferFunctionScriptingTraits (0ms)
		AnalyzeDomain (25ms)
			TypeCache.Refresh (10ms)
				TypeCache.ScanAssembly (1ms)
			ScanForSourceGeneratedMonoScriptInfo (9ms)
			ResolveRequiredComponents (5ms)
	FinalizeReload (916ms)
		ReleaseScriptCaches (0ms)
		RebuildScriptCaches (0ms)
		SetupLoadedEditorAssemblies (470ms)
			LogAssemblyErrors (0ms)
			InitializePlatformSupportModulesInManaged (27ms)
			SetLoadedEditorAssemblies (4ms)
			RefreshPlugins (0ms)
			BeforeProcessingInitializeOnLoad (107ms)
			ProcessInitializeOnLoadAttributes (294ms)
			ProcessInitializeOnLoadMethodAttributes (31ms)
			AfterProcessingInitializeOnLoad (7ms)
			EditorAssembliesLoaded (0ms)
		ExecutionOrderSort2 (0ms)
		AwakeInstancesAfterBackupRestoration (12ms)
Refreshing native plugins compatible for Editor in 3.07 ms, found 4 plugins.
Preloading 0 native plugins for Editor in 0.00 ms.
Unloading 4142 Unused Serialized files (Serialized files now loaded: 0)
Unloading 60 unused Assets / (1.4 MB). Loaded Objects now: 4689.
Memory consumption went from 161.2 MB to 159.8 MB.
Total: 3.680400 ms (FindLiveObjects: 0.291500 ms CreateObjectMapping: 0.250900 ms MarkObjects: 2.758500 ms  DeleteObjects: 0.378500 ms)

Prepare: number of updated asset objects reloaded= 0
AssetImportParameters requested are different than current active one (requested -> active):
  custom:container-demuxer-ogg: 62fdf1f143b41e24485cea50d1cbac27 -> 
  custom:video-decoder-ogg-theora: a1e56fd34408186e4bbccfd4996cb3dc -> 
  custom:framework-win-MediaFoundation: 216162199b28c13a410421893ffa2e32 -> 
  custom:CustomObjectIndexerAttribute: 756ad292c208cfabdd7b50bc23989ffe -> 
  custom:container-demuxer-webm: 4f35f7cbe854078d1ac9338744f61a02 -> 
  custom:container-muxer-webm: aa71ff27fc2769a1b78a27578f13a17b -> 
  custom:video-decoder-webm-vp8: 9c59270c3fd7afecdb556c50c9e8de78 -> 
  custom:scripting/monoscript/fileName/switch_scenes.cs: 6e8d60f50baa4e1a63983b0d275f9ff0 -> 
  custom:SearchIndexIgnoredProperties: e643bd26f0fe6173181afceb89e7c659 -> 
  custom:AudioImporter_EditorPlatform: d09bf68614088b80899f8185d706f6e7 -> 
  custom:video-encoder-webm-vp8: eb34c28f22e8b96e1ab97ce403110664 -> 
  custom:audio-decoder-ogg-vorbis: bf7c407c2cedff20999df2af8eb42d56 -> 
  custom:audio-encoder-webm-vorbis: bf7c407c2cedff20999df2af8eb42d56 -> 
========================================================================
Received Prepare
Begin MonoManager ReloadAssembly
- Loaded All Assemblies, in  0.527 seconds
Refreshing native plugins compatible for Editor in 3.20 ms, found 4 plugins.
Native extension for WindowsStandalone target not found
Native extension for Android target not found
[Package Manager] Server::EnsureServerProcessIsRunning -- launch failed, reason: Unity was launched with the -noUpm command-line argument
[Package Manager] UpmClient::Send -- Unable to send message (not connected to UPM process).
[Package Manager] Cannot connect to Unity Package Manager local server
Mono: successfully reloaded assembly
- Finished resetting the current domain, in  1.440 seconds
Domain Reload Profiling: 1965ms
	BeginReloadAssembly (172ms)
		ExecutionOrderSort (0ms)
		DisableScriptedObjects (12ms)
		BackupInstance (0ms)
		ReleaseScriptingObjects (0ms)
		CreateAndSetChildDomain (36ms)
	RebuildCommonClasses (30ms)
	RebuildNativeTypeToScriptingClass (11ms)
	initialDomainReloadingComplete (28ms)
	LoadAllAssembliesAndSetupDomain (283ms)
		LoadAssemblies (367ms)
		RebuildTransferFunctionScriptingTraits (0ms)
		AnalyzeDomain (13ms)
			TypeCache.Refresh (5ms)
				TypeCache.ScanAssembly (0ms)
			ScanForSourceGeneratedMonoScriptInfo (0ms)
			ResolveRequiredComponents (7ms)
	FinalizeReload (1441ms)
		ReleaseScriptCaches (0ms)
		RebuildScriptCaches (0ms)
		SetupLoadedEditorAssemblies (818ms)
			LogAssemblyErrors (0ms)
			InitializePlatformSupportModulesInManaged (44ms)
			SetLoadedEditorAssemblies (10ms)
			RefreshPlugins (0ms)
			BeforeProcessingInitializeOnLoad (161ms)
			ProcessInitializeOnLoadAttributes (537ms)
			ProcessInitializeOnLoadMethodAttributes (56ms)
			AfterProcessingInitializeOnLoad (9ms)
			EditorAssembliesLoaded (0ms)
		ExecutionOrderSort2 (0ms)
		AwakeInstancesAfterBackupRestoration (21ms)
Refreshing native plugins compatible for Editor in 3.94 ms, found 4 plugins.
Preloading 0 native plugins for Editor in 0.00 ms.
Unloading 4142 Unused Serialized files (Serialized files now loaded: 0)
Unloading 60 unused Assets / (1.4 MB). Loaded Objects now: 4693.
Memory consumption went from 163.1 MB to 161.7 MB.
Total: 6.347300 ms (FindLiveObjects: 0.878700 ms CreateObjectMapping: 1.068000 ms MarkObjects: 3.937300 ms  DeleteObjects: 0.460800 ms)

Prepare: number of updated asset objects reloaded= 0
AssetImportParameters requested are different than current active one (requested -> active):
  custom:container-demuxer-ogg: 62fdf1f143b41e24485cea50d1cbac27 -> 
  custom:video-decoder-ogg-theora: a1e56fd34408186e4bbccfd4996cb3dc -> 
  custom:framework-win-MediaFoundation: 216162199b28c13a410421893ffa2e32 -> 
  custom:CustomObjectIndexerAttribute: 756ad292c208cfabdd7b50bc23989ffe -> 
  custom:container-demuxer-webm: 4f35f7cbe854078d1ac9338744f61a02 -> 
  custom:container-muxer-webm: aa71ff27fc2769a1b78a27578f13a17b -> 
  custom:video-decoder-webm-vp8: 9c59270c3fd7afecdb556c50c9e8de78 -> 
  custom:scripting/monoscript/fileName/switch_scenes.cs: 6e8d60f50baa4e1a63983b0d275f9ff0 -> 
  custom:SearchIndexIgnoredProperties: e643bd26f0fe6173181afceb89e7c659 -> 
  custom:AudioImporter_EditorPlatform: d09bf68614088b80899f8185d706f6e7 -> 
  custom:video-encoder-webm-vp8: eb34c28f22e8b96e1ab97ce403110664 -> 
  custom:audio-decoder-ogg-vorbis: bf7c407c2cedff20999df2af8eb42d56 -> 
  custom:audio-encoder-webm-vorbis: bf7c407c2cedff20999df2af8eb42d56 -> 
========================================================================
Received Prepare
Begin MonoManager ReloadAssembly
- Loaded All Assemblies, in  0.526 seconds
Refreshing native plugins compatible for Editor in 4.85 ms, found 4 plugins.
Native extension for WindowsStandalone target not found
Native extension for Android target not found
[Package Manager] Server::EnsureServerProcessIsRunning -- launch failed, reason: Unity was launched with the -noUpm command-line argument
[Package Manager] UpmClient::Send -- Unable to send message (not connected to UPM process).
[Package Manager] Cannot connect to Unity Package Manager local server
Mono: successfully reloaded assembly
- Finished resetting the current domain, in  0.913 seconds
Domain Reload Profiling: 1437ms
	BeginReloadAssembly (157ms)
		ExecutionOrderSort (0ms)
		DisableScriptedObjects (11ms)
		BackupInstance (0ms)
		ReleaseScriptingObjects (0ms)
		CreateAndSetChildDomain (35ms)
	RebuildCommonClasses (30ms)
	RebuildNativeTypeToScriptingClass (11ms)
	initialDomainReloadingComplete (29ms)
	LoadAllAssembliesAndSetupDomain (297ms)
		LoadAssemblies (338ms)
		RebuildTransferFunctionScriptingTraits (0ms)
		AnalyzeDomain (39ms)
			TypeCache.Refresh (13ms)
				TypeCache.ScanAssembly (1ms)
			ScanForSourceGeneratedMonoScriptInfo (17ms)
			ResolveRequiredComponents (8ms)
	FinalizeReload (913ms)
		ReleaseScriptCaches (0ms)
		RebuildScriptCaches (0ms)
		SetupLoadedEditorAssemblies (489ms)
			LogAssemblyErrors (0ms)
			InitializePlatformSupportModulesInManaged (25ms)
			SetLoadedEditorAssemblies (4ms)
			RefreshPlugins (0ms)
			BeforeProcessingInitializeOnLoad (110ms)
			ProcessInitializeOnLoadAttributes (305ms)
			ProcessInitializeOnLoadMethodAttributes (38ms)
			AfterProcessingInitializeOnLoad (7ms)
			EditorAssembliesLoaded (0ms)
		ExecutionOrderSort2 (0ms)
		AwakeInstancesAfterBackupRestoration (15ms)
Refreshing native plugins compatible for Editor in 3.11 ms, found 4 plugins.
Preloading 0 native plugins for Editor in 0.00 ms.
Unloading 4142 Unused Serialized files (Serialized files now loaded: 0)
Unloading 60 unused Assets / (1.4 MB). Loaded Objects now: 4697.
Memory consumption went from 165.1 MB to 163.6 MB.
Total: 3.464200 ms (FindLiveObjects: 0.303000 ms CreateObjectMapping: 0.254300 ms MarkObjects: 2.546700 ms  DeleteObjects: 0.359200 ms)

Prepare: number of updated asset objects reloaded= 0
AssetImportParameters requested are different than current active one (requested -> active):
  custom:container-demuxer-ogg: 62fdf1f143b41e24485cea50d1cbac27 -> 
  custom:video-decoder-ogg-theora: a1e56fd34408186e4bbccfd4996cb3dc -> 
  custom:framework-win-MediaFoundation: 216162199b28c13a410421893ffa2e32 -> 
  custom:CustomObjectIndexerAttribute: 756ad292c208cfabdd7b50bc23989ffe -> 
  custom:container-demuxer-webm: 4f35f7cbe854078d1ac9338744f61a02 -> 
  custom:container-muxer-webm: aa71ff27fc2769a1b78a27578f13a17b -> 
  custom:video-decoder-webm-vp8: 9c59270c3fd7afecdb556c50c9e8de78 -> 
  custom:scripting/monoscript/fileName/switch_scenes.cs: 6e8d60f50baa4e1a63983b0d275f9ff0 -> 
  custom:SearchIndexIgnoredProperties: e643bd26f0fe6173181afceb89e7c659 -> 
  custom:AudioImporter_EditorPlatform: d09bf68614088b80899f8185d706f6e7 -> 
  custom:video-encoder-webm-vp8: eb34c28f22e8b96e1ab97ce403110664 -> 
  custom:audio-decoder-ogg-vorbis: bf7c407c2cedff20999df2af8eb42d56 -> 
  custom:audio-encoder-webm-vorbis: bf7c407c2cedff20999df2af8eb42d56 -> 
========================================================================
Received Prepare
Begin MonoManager ReloadAssembly
- Loaded All Assemblies, in  0.524 seconds
Refreshing native plugins compatible for Editor in 3.08 ms, found 4 plugins.
Native extension for WindowsStandalone target not found
Native extension for Android target not found
[Package Manager] Server::EnsureServerProcessIsRunning -- launch failed, reason: Unity was launched with the -noUpm command-line argument
[Package Manager] UpmClient::Send -- Unable to send message (not connected to UPM process).
[Package Manager] Cannot connect to Unity Package Manager local server
Mono: successfully reloaded assembly
- Finished resetting the current domain, in  1.485 seconds
Domain Reload Profiling: 2009ms
	BeginReloadAssembly (163ms)
		ExecutionOrderSort (0ms)
		DisableScriptedObjects (12ms)
		BackupInstance (0ms)
		ReleaseScriptingObjects (0ms)
		CreateAndSetChildDomain (36ms)
	RebuildCommonClasses (30ms)
	RebuildNativeTypeToScriptingClass (11ms)
	initialDomainReloadingComplete (29ms)
	LoadAllAssembliesAndSetupDomain (289ms)
		LoadAssemblies (363ms)
		RebuildTransferFunctionScriptingTraits (0ms)
		AnalyzeDomain (15ms)
			TypeCache.Refresh (7ms)
				TypeCache.ScanAssembly (0ms)
			ScanForSourceGeneratedMonoScriptInfo (0ms)
			ResolveRequiredComponents (7ms)
	FinalizeReload (1487ms)
		ReleaseScriptCaches (0ms)
		RebuildScriptCaches (0ms)
		SetupLoadedEditorAssemblies (821ms)
			LogAssemblyErrors (0ms)
			InitializePlatformSupportModulesInManaged (47ms)
			SetLoadedEditorAssemblies (9ms)
			RefreshPlugins (0ms)
			BeforeProcessingInitializeOnLoad (173ms)
			ProcessInitializeOnLoadAttributes (529ms)
			ProcessInitializeOnLoadMethodAttributes (51ms)
			AfterProcessingInitializeOnLoad (11ms)
			EditorAssembliesLoaded (0ms)
		ExecutionOrderSort2 (0ms)
		AwakeInstancesAfterBackupRestoration (21ms)
Refreshing native plugins compatible for Editor in 4.23 ms, found 4 plugins.
Preloading 0 native plugins for Editor in 0.00 ms.
Unloading 4142 Unused Serialized files (Serialized files now loaded: 0)
Unloading 60 unused Assets / (1.4 MB). Loaded Objects now: 4701.
Memory consumption went from 167.0 MB to 165.6 MB.
Total: 7.430500 ms (FindLiveObjects: 0.360300 ms CreateObjectMapping: 0.498000 ms MarkObjects: 5.352500 ms  DeleteObjects: 1.217600 ms)

Prepare: number of updated asset objects reloaded= 0
AssetImportParameters requested are different than current active one (requested -> active):
  custom:container-demuxer-ogg: 62fdf1f143b41e24485cea50d1cbac27 -> 
  custom:video-decoder-ogg-theora: a1e56fd34408186e4bbccfd4996cb3dc -> 
  custom:framework-win-MediaFoundation: 216162199b28c13a410421893ffa2e32 -> 
  custom:CustomObjectIndexerAttribute: 756ad292c208cfabdd7b50bc23989ffe -> 
  custom:container-demuxer-webm: 4f35f7cbe854078d1ac9338744f61a02 -> 
  custom:container-muxer-webm: aa71ff27fc2769a1b78a27578f13a17b -> 
  custom:video-decoder-webm-vp8: 9c59270c3fd7afecdb556c50c9e8de78 -> 
  custom:scripting/monoscript/fileName/switch_scenes.cs: 6e8d60f50baa4e1a63983b0d275f9ff0 -> 
  custom:SearchIndexIgnoredProperties: e643bd26f0fe6173181afceb89e7c659 -> 
  custom:AudioImporter_EditorPlatform: d09bf68614088b80899f8185d706f6e7 -> 
  custom:video-encoder-webm-vp8: eb34c28f22e8b96e1ab97ce403110664 -> 
  custom:audio-decoder-ogg-vorbis: bf7c407c2cedff20999df2af8eb42d56 -> 
  custom:audio-encoder-webm-vorbis: bf7c407c2cedff20999df2af8eb42d56 -> 
========================================================================
Received Import Request.
  Time since last request: 1299.229752 seconds.
  path: Assets/UI/Uxml/Customizing Slider.uxml
  artifactKey: Guid(04ce0bef077ce494587db8e9806a9b63) Importer(815301076,1909f56bfc062723c751e8b465ee728b)
Start importing Assets/UI/Uxml/Customizing Slider.uxml using Guid(04ce0bef077ce494587db8e9806a9b63) Importer(815301076,1909f56bfc062723c751e8b465ee728b)  -> (artifact id: '4760f475cb59501d48ada450cd6f896a') in 0.021054 seconds
Number of updated asset objects reloaded before import = 0
Number of asset objects unloaded after import = 5
========================================================================
Received Prepare
Begin MonoManager ReloadAssembly
- Loaded All Assemblies, in  0.548 seconds
Refreshing native plugins compatible for Editor in 3.14 ms, found 4 plugins.
Native extension for WindowsStandalone target not found
Native extension for Android target not found
[Package Manager] Server::EnsureServerProcessIsRunning -- launch failed, reason: Unity was launched with the -noUpm command-line argument
[Package Manager] UpmClient::Send -- Unable to send message (not connected to UPM process).
[Package Manager] Cannot connect to Unity Package Manager local server
Mono: successfully reloaded assembly
- Finished resetting the current domain, in  1.303 seconds
Domain Reload Profiling: 1849ms
	BeginReloadAssembly (162ms)
		ExecutionOrderSort (0ms)
		DisableScriptedObjects (11ms)
		BackupInstance (0ms)
		ReleaseScriptingObjects (0ms)
		CreateAndSetChildDomain (37ms)
	RebuildCommonClasses (70ms)
	RebuildNativeTypeToScriptingClass (11ms)
	initialDomainReloadingComplete (29ms)
	LoadAllAssembliesAndSetupDomain (273ms)
		LoadAssemblies (344ms)
		RebuildTransferFunctionScriptingTraits (0ms)
		AnalyzeDomain (13ms)
			TypeCache.Refresh (6ms)
				TypeCache.ScanAssembly (0ms)
			ScanForSourceGeneratedMonoScriptInfo (0ms)
			ResolveRequiredComponents (6ms)
	FinalizeReload (1304ms)
		ReleaseScriptCaches (0ms)
		RebuildScriptCaches (0ms)
		SetupLoadedEditorAssemblies (834ms)
			LogAssemblyErrors (0ms)
			InitializePlatformSupportModulesInManaged (52ms)
			SetLoadedEditorAssemblies (10ms)
			RefreshPlugins (0ms)
			BeforeProcessingInitializeOnLoad (161ms)
			ProcessInitializeOnLoadAttributes (535ms)
			ProcessInitializeOnLoadMethodAttributes (62ms)
			AfterProcessingInitializeOnLoad (14ms)
			EditorAssembliesLoaded (1ms)
		ExecutionOrderSort2 (0ms)
		AwakeInstancesAfterBackupRestoration (23ms)
Refreshing native plugins compatible for Editor in 4.35 ms, found 4 plugins.
Preloading 0 native plugins for Editor in 0.00 ms.
Unloading 4141 Unused Serialized files (Serialized files now loaded: 0)
Unloading 60 unused Assets / (1.4 MB). Loaded Objects now: 4705.
Memory consumption went from 168.7 MB to 167.2 MB.
Total: 8.842200 ms (FindLiveObjects: 0.580000 ms CreateObjectMapping: 1.315700 ms MarkObjects: 5.347300 ms  DeleteObjects: 1.597100 ms)

Prepare: number of updated asset objects reloaded= 0
AssetImportParameters requested are different than current active one (requested -> active):
  custom:container-demuxer-ogg: 62fdf1f143b41e24485cea50d1cbac27 -> 
  custom:video-decoder-ogg-theora: a1e56fd34408186e4bbccfd4996cb3dc -> 
  custom:framework-win-MediaFoundation: 216162199b28c13a410421893ffa2e32 -> 
  custom:CustomObjectIndexerAttribute: 756ad292c208cfabdd7b50bc23989ffe -> 
  custom:container-demuxer-webm: 4f35f7cbe854078d1ac9338744f61a02 -> 
  custom:container-muxer-webm: aa71ff27fc2769a1b78a27578f13a17b -> 
  custom:video-decoder-webm-vp8: 9c59270c3fd7afecdb556c50c9e8de78 -> 
  custom:scripting/monoscript/fileName/switch_scenes.cs: 6e8d60f50baa4e1a63983b0d275f9ff0 -> 
  custom:SearchIndexIgnoredProperties: e643bd26f0fe6173181afceb89e7c659 -> 
  custom:AudioImporter_EditorPlatform: d09bf68614088b80899f8185d706f6e7 -> 
  custom:video-encoder-webm-vp8: eb34c28f22e8b96e1ab97ce403110664 -> 
  custom:audio-decoder-ogg-vorbis: bf7c407c2cedff20999df2af8eb42d56 -> 
  custom:audio-encoder-webm-vorbis: bf7c407c2cedff20999df2af8eb42d56 -> 
========================================================================
Received Prepare
Begin MonoManager ReloadAssembly
- Loaded All Assemblies, in  0.512 seconds
Refreshing native plugins compatible for Editor in 3.37 ms, found 4 plugins.
Native extension for WindowsStandalone target not found
Native extension for Android target not found
[Package Manager] Server::EnsureServerProcessIsRunning -- launch failed, reason: Unity was launched with the -noUpm command-line argument
[Package Manager] UpmClient::Send -- Unable to send message (not connected to UPM process).
[Package Manager] Cannot connect to Unity Package Manager local server
Mono: successfully reloaded assembly
- Finished resetting the current domain, in  1.325 seconds
Domain Reload Profiling: 1834ms
	BeginReloadAssembly (159ms)
		ExecutionOrderSort (0ms)
		DisableScriptedObjects (12ms)
		BackupInstance (0ms)
		ReleaseScriptingObjects (0ms)
		CreateAndSetChildDomain (36ms)
	RebuildCommonClasses (30ms)
	RebuildNativeTypeToScriptingClass (11ms)
	initialDomainReloadingComplete (30ms)
	LoadAllAssembliesAndSetupDomain (279ms)
		LoadAssemblies (347ms)
		RebuildTransferFunctionScriptingTraits (0ms)
		AnalyzeDomain (13ms)
			TypeCache.Refresh (6ms)
				TypeCache.ScanAssembly (0ms)
			ScanForSourceGeneratedMonoScriptInfo (0ms)
			ResolveRequiredComponents (6ms)
	FinalizeReload (1325ms)
		ReleaseScriptCaches (0ms)
		RebuildScriptCaches (0ms)
		SetupLoadedEditorAssemblies (823ms)
			LogAssemblyErrors (0ms)
			InitializePlatformSupportModulesInManaged (51ms)
			SetLoadedEditorAssemblies (8ms)
			RefreshPlugins (0ms)
			BeforeProcessingInitializeOnLoad (170ms)
			ProcessInitializeOnLoadAttributes (527ms)
			ProcessInitializeOnLoadMethodAttributes (56ms)
			AfterProcessingInitializeOnLoad (11ms)
			EditorAssembliesLoaded (1ms)
		ExecutionOrderSort2 (0ms)
		AwakeInstancesAfterBackupRestoration (21ms)
Refreshing native plugins compatible for Editor in 4.42 ms, found 4 plugins.
Preloading 0 native plugins for Editor in 0.00 ms.
Unloading 4142 Unused Serialized files (Serialized files now loaded: 0)
Unloading 60 unused Assets / (1.4 MB). Loaded Objects now: 4709.
Memory consumption went from 170.9 MB to 169.4 MB.
Total: 7.002600 ms (FindLiveObjects: 0.364900 ms CreateObjectMapping: 0.315500 ms MarkObjects: 5.753900 ms  DeleteObjects: 0.567400 ms)

Prepare: number of updated asset objects reloaded= 0
AssetImportParameters requested are different than current active one (requested -> active):
  custom:container-demuxer-ogg: 62fdf1f143b41e24485cea50d1cbac27 -> 
  custom:video-decoder-ogg-theora: a1e56fd34408186e4bbccfd4996cb3dc -> 
  custom:framework-win-MediaFoundation: 216162199b28c13a410421893ffa2e32 -> 
  custom:CustomObjectIndexerAttribute: 756ad292c208cfabdd7b50bc23989ffe -> 
  custom:container-demuxer-webm: 4f35f7cbe854078d1ac9338744f61a02 -> 
  custom:container-muxer-webm: aa71ff27fc2769a1b78a27578f13a17b -> 
  custom:video-decoder-webm-vp8: 9c59270c3fd7afecdb556c50c9e8de78 -> 
  custom:scripting/monoscript/fileName/switch_scenes.cs: 6e8d60f50baa4e1a63983b0d275f9ff0 -> 
  custom:SearchIndexIgnoredProperties: e643bd26f0fe6173181afceb89e7c659 -> 
  custom:AudioImporter_EditorPlatform: d09bf68614088b80899f8185d706f6e7 -> 
  custom:video-encoder-webm-vp8: eb34c28f22e8b96e1ab97ce403110664 -> 
  custom:audio-decoder-ogg-vorbis: bf7c407c2cedff20999df2af8eb42d56 -> 
  custom:audio-encoder-webm-vorbis: bf7c407c2cedff20999df2af8eb42d56 -> 
